<?xml version="1.0" encoding="UTF-8"?>
<coverage generated="1649354600180" clover="3.2.0">
  <project timestamp="1649354600180" name="All files">
    <metrics statements="320" coveredstatements="320" conditionals="92" coveredconditionals="88" methods="107" coveredmethods="105" elements="519" coveredelements="513" complexity="0" loc="320" ncloc="320" packages="18" files="22" classes="22"/>
    <package name="src">
      <metrics statements="2" coveredstatements="2" conditionals="0" coveredconditionals="0" methods="0" coveredmethods="0"/>
      <file name="GlobalData.jsx" path="F:\Обучение\GeekBrains\2_03 React\hw\src\GlobalData.jsx">
        <metrics statements="2" coveredstatements="2" conditionals="0" coveredconditionals="0" methods="0" coveredmethods="0"/>
        <line num="5" count="6" type="stmt"/>
        <line num="7" count="6" type="stmt"/>
      </file>
    </package>
    <package name="src.components.ChatContain">
      <metrics statements="27" coveredstatements="27" conditionals="4" coveredconditionals="4" methods="7" coveredmethods="7"/>
      <file name="ChatContain.jsx" path="F:\Обучение\GeekBrains\2_03 React\hw\src\components\ChatContain\ChatContain.jsx">
        <metrics statements="27" coveredstatements="27" conditionals="4" coveredconditionals="4" methods="7" coveredmethods="7"/>
        <line num="18" count="3" type="stmt"/>
        <line num="19" count="67" type="stmt"/>
        <line num="20" count="67" type="stmt"/>
        <line num="21" count="67" type="stmt"/>
        <line num="22" count="67" type="stmt"/>
        <line num="23" count="67" type="stmt"/>
        <line num="25" count="195" type="stmt"/>
        <line num="26" count="7" type="stmt"/>
        <line num="27" count="7" type="stmt"/>
        <line num="28" count="7" type="cond" truecount="2" falsecount="0"/>
        <line num="29" count="6" type="stmt"/>
        <line num="31" count="1" type="stmt"/>
        <line num="33" count="7" type="stmt"/>
        <line num="36" count="67" type="stmt"/>
        <line num="37" count="3" type="stmt"/>
        <line num="38" count="3" type="stmt"/>
        <line num="39" count="3" type="stmt"/>
        <line num="43" count="67" type="stmt"/>
        <line num="44" count="1" type="stmt"/>
        <line num="45" count="4" type="stmt"/>
        <line num="46" count="4" type="stmt"/>
        <line num="48" count="1" type="stmt"/>
        <line num="51" count="67" type="stmt"/>
        <line num="52" count="2" type="stmt"/>
        <line num="53" count="2" type="stmt"/>
        <line num="54" count="2" type="stmt"/>
        <line num="57" count="67" type="stmt"/>
      </file>
    </package>
    <package name="src.components.Header">
      <metrics statements="2" coveredstatements="2" conditionals="0" coveredconditionals="0" methods="1" coveredmethods="1"/>
      <file name="Header.jsx" path="F:\Обучение\GeekBrains\2_03 React\hw\src\components\Header\Header.jsx">
        <metrics statements="2" coveredstatements="2" conditionals="0" coveredconditionals="0" methods="1" coveredmethods="1"/>
        <line num="5" count="5" type="stmt"/>
        <line num="6" count="24" type="stmt"/>
      </file>
    </package>
    <package name="src.components.HeaderNavBar">
      <metrics statements="4" coveredstatements="4" conditionals="2" coveredconditionals="2" methods="3" coveredmethods="3"/>
      <file name="HeaderNavBar.jsx" path="F:\Обучение\GeekBrains\2_03 React\hw\src\components\HeaderNavBar\HeaderNavBar.jsx">
        <metrics statements="4" coveredstatements="4" conditionals="2" coveredconditionals="2" methods="3" coveredmethods="3"/>
        <line num="6" count="6" type="stmt"/>
        <line num="7" count="26" type="stmt"/>
        <line num="10" count="78" type="stmt"/>
        <line num="14" count="213" type="cond" truecount="2" falsecount="0"/>
      </file>
    </package>
    <package name="src.components.MessageContain">
      <metrics statements="10" coveredstatements="10" conditionals="4" coveredconditionals="4" methods="2" coveredmethods="2"/>
      <file name="MessageContain.jsx" path="F:\Обучение\GeekBrains\2_03 React\hw\src\components\MessageContain\MessageContain.jsx">
        <metrics statements="10" coveredstatements="10" conditionals="4" coveredconditionals="4" methods="2" coveredmethods="2"/>
        <line num="14" count="3" type="stmt"/>
        <line num="15" count="2797" type="stmt"/>
        <line num="16" count="2797" type="stmt"/>
        <line num="17" count="2797" type="stmt"/>
        <line num="18" count="2797" type="stmt"/>
        <line num="20" count="2797" type="stmt"/>
        <line num="22" count="2" type="stmt"/>
        <line num="23" count="2" type="stmt"/>
        <line num="28" count="2797" type="stmt"/>
        <line num="36" count="3" type="stmt"/>
      </file>
    </package>
    <package name="src.components.ProfileButtons">
      <metrics statements="2" coveredstatements="2" conditionals="0" coveredconditionals="0" methods="1" coveredmethods="1"/>
      <file name="ProfileButtons.jsx" path="F:\Обучение\GeekBrains\2_03 React\hw\src\components\ProfileButtons\ProfileButtons.jsx">
        <metrics statements="2" coveredstatements="2" conditionals="0" coveredconditionals="0" methods="1" coveredmethods="1"/>
        <line num="6" count="4" type="stmt"/>
        <line num="7" count="13" type="stmt"/>
      </file>
    </package>
    <package name="src.components.ProfileForm">
      <metrics statements="5" coveredstatements="5" conditionals="2" coveredconditionals="2" methods="4" coveredmethods="4"/>
      <file name="ProfileForm.jsx" path="F:\Обучение\GeekBrains\2_03 React\hw\src\components\ProfileForm\ProfileForm.jsx">
        <metrics statements="5" coveredstatements="5" conditionals="2" coveredconditionals="2" methods="4" coveredmethods="4"/>
        <line num="9" count="4" type="stmt"/>
        <line num="19" count="15" type="stmt"/>
        <line num="29" count="1" type="stmt"/>
        <line num="36" count="2" type="stmt"/>
        <line num="37" count="1" type="stmt"/>
      </file>
    </package>
    <package name="src.pages.App">
      <metrics statements="18" coveredstatements="18" conditionals="2" coveredconditionals="2" methods="5" coveredmethods="5"/>
      <file name="App.jsx" path="F:\Обучение\GeekBrains\2_03 React\hw\src\pages\App\App.jsx">
        <metrics statements="18" coveredstatements="18" conditionals="2" coveredconditionals="2" methods="5" coveredmethods="5"/>
        <line num="27" count="3" type="stmt"/>
        <line num="28" count="2" type="stmt"/>
        <line num="32" count="23" type="stmt"/>
        <line num="34" count="20" type="stmt"/>
        <line num="35" count="20" type="stmt"/>
        <line num="36" count="43" type="cond" truecount="2" falsecount="0"/>
        <line num="37" count="27" type="stmt"/>
        <line num="38" count="27" type="stmt"/>
        <line num="39" count="27" type="stmt"/>
        <line num="40" count="27" type="stmt"/>
        <line num="41" count="27" type="stmt"/>
        <line num="42" count="27" type="stmt"/>
        <line num="44" count="16" type="stmt"/>
        <line num="45" count="16" type="stmt"/>
        <line num="46" count="16" type="stmt"/>
        <line num="47" count="16" type="stmt"/>
        <line num="48" count="16" type="stmt"/>
        <line num="53" count="20" type="stmt"/>
      </file>
    </package>
    <package name="src.pages.Chats">
      <metrics statements="9" coveredstatements="9" conditionals="4" coveredconditionals="4" methods="3" coveredmethods="3"/>
      <file name="Chats.jsx" path="F:\Обучение\GeekBrains\2_03 React\hw\src\pages\Chats\Chats.jsx">
        <metrics statements="9" coveredstatements="9" conditionals="4" coveredconditionals="4" methods="3" coveredmethods="3"/>
        <line num="13" count="2" type="stmt"/>
        <line num="14" count="59" type="stmt"/>
        <line num="16" count="59" type="stmt"/>
        <line num="17" count="59" type="stmt"/>
        <line num="18" count="59" type="stmt"/>
        <line num="20" count="59" type="stmt"/>
        <line num="21" count="113" type="cond" truecount="2" falsecount="0"/>
        <line num="22" count="21" type="stmt"/>
        <line num="26" count="59" type="stmt"/>
      </file>
    </package>
    <package name="src.pages.Data">
      <metrics statements="10" coveredstatements="10" conditionals="4" coveredconditionals="4" methods="4" coveredmethods="4"/>
      <file name="Data.jsx" path="F:\Обучение\GeekBrains\2_03 React\hw\src\pages\Data\Data.jsx">
        <metrics statements="10" coveredstatements="10" conditionals="4" coveredconditionals="4" methods="4" coveredmethods="4"/>
        <line num="12" count="4" type="stmt"/>
        <line num="13" count="11" type="stmt"/>
        <line num="14" count="11" type="stmt"/>
        <line num="15" count="11" type="stmt"/>
        <line num="16" count="11" type="stmt"/>
        <line num="18" count="11" type="stmt"/>
        <line num="19" count="3" type="stmt"/>
        <line num="22" count="11" type="stmt"/>
        <line num="31" count="1" type="stmt"/>
        <line num="38" count="30" type="stmt"/>
      </file>
    </package>
    <package name="src.pages.Layout">
      <metrics statements="2" coveredstatements="2" conditionals="0" coveredconditionals="0" methods="1" coveredmethods="1"/>
      <file name="Layout.jsx" path="F:\Обучение\GeekBrains\2_03 React\hw\src\pages\Layout\Layout.jsx">
        <metrics statements="2" coveredstatements="2" conditionals="0" coveredconditionals="0" methods="1" coveredmethods="1"/>
        <line num="8" count="4" type="stmt"/>
        <line num="9" count="24" type="stmt"/>
      </file>
    </package>
    <package name="src.pages.Profile">
      <metrics statements="23" coveredstatements="23" conditionals="6" coveredconditionals="5" methods="6" coveredmethods="6"/>
      <file name="Profile.jsx" path="F:\Обучение\GeekBrains\2_03 React\hw\src\pages\Profile\Profile.jsx">
        <metrics statements="23" coveredstatements="23" conditionals="6" coveredconditionals="5" methods="6" coveredmethods="6"/>
        <line num="19" count="3" type="stmt"/>
        <line num="20" count="26" type="stmt"/>
        <line num="21" count="26" type="stmt"/>
        <line num="22" count="26" type="stmt"/>
        <line num="23" count="26" type="stmt"/>
        <line num="24" count="26" type="stmt"/>
        <line num="25" count="26" type="stmt"/>
        <line num="26" count="26" type="stmt"/>
        <line num="28" count="26" type="stmt"/>
        <line num="29" count="1" type="stmt"/>
        <line num="32" count="26" type="stmt"/>
        <line num="33" count="2" type="stmt"/>
        <line num="34" count="2" type="stmt"/>
        <line num="35" count="2" type="stmt"/>
        <line num="38" count="26" type="stmt"/>
        <line num="39" count="1" type="cond" truecount="1" falsecount="1"/>
        <line num="40" count="1" type="stmt"/>
        <line num="41" count="1" type="stmt"/>
        <line num="45" count="26" type="stmt"/>
        <line num="46" count="2" type="stmt"/>
        <line num="49" count="26" type="stmt"/>
        <line num="50" count="26" type="cond" truecount="2" falsecount="0"/>
        <line num="53" count="26" type="stmt"/>
      </file>
    </package>
    <package name="src.pages.Sign">
      <metrics statements="20" coveredstatements="20" conditionals="8" coveredconditionals="8" methods="6" coveredmethods="6"/>
      <file name="Sign.jsx" path="F:\Обучение\GeekBrains\2_03 React\hw\src\pages\Sign\Sign.jsx">
        <metrics statements="20" coveredstatements="20" conditionals="8" coveredconditionals="8" methods="6" coveredmethods="6"/>
        <line num="10" count="4" type="stmt"/>
        <line num="11" count="34" type="stmt"/>
        <line num="12" count="33" type="stmt"/>
        <line num="13" count="33" type="cond" truecount="2" falsecount="0"/>
        <line num="15" count="33" type="stmt"/>
        <line num="16" count="33" type="stmt"/>
        <line num="17" count="33" type="stmt"/>
        <line num="18" count="33" type="stmt"/>
        <line num="20" count="33" type="stmt"/>
        <line num="21" count="9" type="stmt"/>
        <line num="22" count="9" type="stmt"/>
        <line num="23" count="9" type="stmt"/>
        <line num="24" count="9" type="cond" truecount="2" falsecount="0"/>
        <line num="25" count="6" type="stmt"/>
        <line num="26" count="4" type="stmt"/>
        <line num="28" count="5" type="stmt"/>
        <line num="32" count="33" type="stmt"/>
        <line num="36" count="9" type="stmt"/>
        <line num="44" count="8" type="stmt"/>
        <line num="56" count="8" type="stmt"/>
      </file>
    </package>
    <package name="src.store">
      <metrics statements="6" coveredstatements="6" conditionals="2" coveredconditionals="2" methods="0" coveredmethods="0"/>
      <file name="store.js" path="F:\Обучение\GeekBrains\2_03 React\hw\src\store\store.js">
        <metrics statements="6" coveredstatements="6" conditionals="2" coveredconditionals="2" methods="0" coveredmethods="0"/>
        <line num="11" count="7" type="stmt"/>
        <line num="17" count="7" type="stmt"/>
        <line num="24" count="7" type="stmt"/>
        <line num="26" count="7" type="cond" truecount="2" falsecount="0"/>
        <line num="28" count="7" type="stmt"/>
        <line num="30" count="7" type="stmt"/>
      </file>
    </package>
    <package name="src.store.chats">
      <metrics statements="38" coveredstatements="38" conditionals="13" coveredconditionals="12" methods="20" coveredmethods="19"/>
      <file name="actions.js" path="F:\Обучение\GeekBrains\2_03 React\hw\src\store\chats\actions.js">
        <metrics statements="30" coveredstatements="30" conditionals="6" coveredconditionals="5" methods="18" coveredmethods="17"/>
        <line num="4" count="8" type="stmt"/>
        <line num="5" count="8" type="stmt"/>
        <line num="6" count="8" type="stmt"/>
        <line num="7" count="8" type="stmt"/>
        <line num="9" count="88" type="stmt"/>
        <line num="14" count="88" type="stmt"/>
        <line num="19" count="8" type="stmt"/>
        <line num="25" count="8" type="stmt"/>
        <line num="30" count="8" type="stmt"/>
        <line num="31" count="3" type="stmt"/>
        <line num="34" count="3" type="stmt"/>
        <line num="38" count="3" type="stmt"/>
        <line num="41" count="8" type="stmt"/>
        <line num="42" count="2" type="stmt"/>
        <line num="46" count="2" type="stmt"/>
        <line num="47" count="9" type="stmt"/>
        <line num="48" count="33" type="cond" truecount="2" falsecount="0"/>
        <line num="53" count="8" type="stmt"/>
        <line num="54" count="4" type="stmt"/>
        <line num="55" count="4" type="stmt"/>
        <line num="58" count="34" type="stmt"/>
        <line num="59" count="27" type="stmt"/>
        <line num="60" count="72" type="stmt"/>
        <line num="61" count="72" type="stmt"/>
        <line num="62" count="276" type="cond" truecount="2" falsecount="0"/>
        <line num="64" count="72" type="stmt"/>
        <line num="65" count="72" type="cond" truecount="1" falsecount="1"/>
        <line num="69" count="16" type="stmt"/>
        <line num="70" count="16" type="stmt"/>
        <line num="71" count="16" type="stmt"/>
      </file>
      <file name="reducer.js" path="F:\Обучение\GeekBrains\2_03 React\hw\src\store\chats\reducer.js">
        <metrics statements="8" coveredstatements="8" conditionals="7" coveredconditionals="7" methods="2" coveredmethods="2"/>
        <line num="3" count="8" type="stmt"/>
        <line num="8" count="8" type="cond" truecount="1" falsecount="0"/>
        <line num="9" count="6808" type="cond" truecount="4" falsecount="0"/>
        <line num="11" count="89" type="stmt"/>
        <line num="16" count="89" type="stmt"/>
        <line num="21" count="7" type="stmt"/>
        <line num="24" count="21" type="cond" truecount="2" falsecount="0"/>
        <line num="28" count="6623" type="stmt"/>
      </file>
    </package>
    <package name="src.store.data">
      <metrics statements="25" coveredstatements="25" conditionals="7" coveredconditionals="7" methods="5" coveredmethods="5"/>
      <file name="actions.js" path="F:\Обучение\GeekBrains\2_03 React\hw\src\store\data\actions.js">
        <metrics statements="18" coveredstatements="18" conditionals="2" coveredconditionals="2" methods="4" coveredmethods="4"/>
        <line num="2" count="8" type="stmt"/>
        <line num="3" count="8" type="stmt"/>
        <line num="4" count="8" type="stmt"/>
        <line num="11" count="8" type="stmt"/>
        <line num="16" count="8" type="stmt"/>
        <line num="20" count="8" type="stmt"/>
        <line num="25" count="8" type="stmt"/>
        <line num="26" count="4" type="stmt"/>
        <line num="27" count="4" type="stmt"/>
        <line num="28" count="4" type="stmt"/>
        <line num="30" count="4" type="stmt"/>
        <line num="31" count="4" type="stmt"/>
        <line num="32" count="3" type="cond" truecount="2" falsecount="0"/>
        <line num="33" count="2" type="stmt"/>
        <line num="34" count="2" type="stmt"/>
        <line num="35" count="1" type="stmt"/>
        <line num="37" count="1" type="stmt"/>
        <line num="39" count="3" type="stmt"/>
      </file>
      <file name="reducer.js" path="F:\Обучение\GeekBrains\2_03 React\hw\src\store\data\reducer.js">
        <metrics statements="7" coveredstatements="7" conditionals="5" coveredconditionals="5" methods="1" coveredmethods="1"/>
        <line num="3" count="8" type="stmt"/>
        <line num="9" count="8" type="cond" truecount="1" falsecount="0"/>
        <line num="10" count="6802" type="cond" truecount="4" falsecount="0"/>
        <line num="12" count="7" type="stmt"/>
        <line num="22" count="8" type="stmt"/>
        <line num="27" count="6" type="stmt"/>
        <line num="32" count="6781" type="stmt"/>
      </file>
    </package>
    <package name="src.store.messages">
      <metrics statements="91" coveredstatements="91" conditionals="28" coveredconditionals="26" methods="29" coveredmethods="28"/>
      <file name="actions.js" path="F:\Обучение\GeekBrains\2_03 React\hw\src\store\messages\actions.js">
        <metrics statements="74" coveredstatements="74" conditionals="12" coveredconditionals="10" methods="27" coveredmethods="26"/>
        <line num="4" count="8" type="stmt"/>
        <line num="5" count="8" type="stmt"/>
        <line num="6" count="8" type="stmt"/>
        <line num="7" count="8" type="stmt"/>
        <line num="8" count="8" type="stmt"/>
        <line num="9" count="8" type="stmt"/>
        <line num="11" count="8" type="stmt"/>
        <line num="12" count="8" type="stmt"/>
        <line num="13" count="8" type="stmt"/>
        <line num="15" count="8" type="stmt"/>
        <line num="16" count="8" type="stmt"/>
        <line num="17" count="8" type="stmt"/>
        <line num="19" count="2084" type="stmt"/>
        <line num="25" count="8" type="stmt"/>
        <line num="31" count="8" type="stmt"/>
        <line num="37" count="8" type="stmt"/>
        <line num="44" count="8" type="stmt"/>
        <line num="50" count="8" type="stmt"/>
        <line num="54" count="27" type="stmt"/>
        <line num="55" count="27" type="stmt"/>
        <line num="56" count="23" type="cond" truecount="1" falsecount="1"/>
        <line num="57" count="23" type="stmt"/>
        <line num="58" count="2084" type="stmt"/>
        <line num="59" count="2084" type="stmt"/>
        <line num="60" count="2103" type="stmt"/>
        <line num="62" count="2084" type="stmt"/>
        <line num="63" count="2084" type="stmt"/>
        <line num="64" count="2084" type="stmt"/>
        <line num="70" count="8" type="stmt"/>
        <line num="71" count="3" type="stmt"/>
        <line num="72" count="3" type="stmt"/>
        <line num="77" count="3" type="stmt"/>
        <line num="80" count="3" type="stmt"/>
        <line num="86" count="3" type="stmt"/>
        <line num="87" count="3" type="stmt"/>
        <line num="92" count="8" type="stmt"/>
        <line num="93" count="2" type="stmt"/>
        <line num="94" count="2" type="stmt"/>
        <line num="99" count="2" type="stmt"/>
        <line num="100" count="4" type="stmt"/>
        <line num="101" count="4" type="stmt"/>
        <line num="104" count="2" type="cond" truecount="1" falsecount="1"/>
        <line num="105" count="2" type="cond" truecount="2" falsecount="0"/>
        <line num="106" count="1" type="stmt"/>
        <line num="108" count="2" type="stmt"/>
        <line num="109" count="2" type="stmt"/>
        <line num="110" count="2" type="stmt"/>
        <line num="115" count="2" type="stmt"/>
        <line num="116" count="4" type="stmt"/>
        <line num="117" count="4" type="stmt"/>
        <line num="123" count="8" type="stmt"/>
        <line num="124" count="2" type="stmt"/>
        <line num="125" count="2" type="stmt"/>
        <line num="130" count="2" type="stmt"/>
        <line num="131" count="6" type="cond" truecount="4" falsecount="0"/>
        <line num="132" count="4" type="stmt"/>
        <line num="137" count="8" type="stmt"/>
        <line num="138" count="4" type="stmt"/>
        <line num="139" count="4" type="cond" truecount="2" falsecount="0"/>
        <line num="140" count="3" type="stmt"/>
        <line num="141" count="3" type="stmt"/>
        <line num="142" count="3" type="stmt"/>
        <line num="147" count="3" type="stmt"/>
        <line num="148" count="3" type="stmt"/>
        <line num="153" count="43" type="stmt"/>
        <line num="154" count="43" type="stmt"/>
        <line num="155" count="43" type="stmt"/>
        <line num="156" count="43" type="stmt"/>
        <line num="159" count="2087" type="stmt"/>
        <line num="164" count="8" type="stmt"/>
        <line num="170" count="8" type="stmt"/>
        <line num="174" count="8" type="stmt"/>
        <line num="178" count="9" type="stmt"/>
        <line num="184" count="8" type="stmt"/>
      </file>
      <file name="reducer.js" path="F:\Обучение\GeekBrains\2_03 React\hw\src\store\messages\reducer.js">
        <metrics statements="17" coveredstatements="17" conditionals="16" coveredconditionals="16" methods="2" coveredmethods="2"/>
        <line num="16" count="8" type="stmt"/>
        <line num="22" count="8" type="cond" truecount="1" falsecount="0"/>
        <line num="23" count="6817" type="cond" truecount="13" falsecount="0"/>
        <line num="25" count="2085" type="stmt"/>
        <line num="33" count="7" type="stmt"/>
        <line num="41" count="9" type="stmt"/>
        <line num="49" count="5" type="stmt"/>
        <line num="54" count="4" type="cond" truecount="2" falsecount="0"/>
        <line num="59" count="1" type="stmt"/>
        <line num="67" count="44" type="stmt"/>
        <line num="72" count="2088" type="stmt"/>
        <line num="77" count="9" type="stmt"/>
        <line num="86" count="44" type="stmt"/>
        <line num="91" count="2088" type="stmt"/>
        <line num="96" count="10" type="stmt"/>
        <line num="105" count="44" type="stmt"/>
        <line num="110" count="383" type="stmt"/>
      </file>
    </package>
    <package name="src.store.profile">
      <metrics statements="26" coveredstatements="26" conditionals="6" coveredconditionals="6" methods="10" coveredmethods="10"/>
      <file name="actions.js" path="F:\Обучение\GeekBrains\2_03 React\hw\src\store\profile\actions.js">
        <metrics statements="18" coveredstatements="18" conditionals="0" coveredconditionals="0" methods="9" coveredmethods="9"/>
        <line num="4" count="8" type="stmt"/>
        <line num="5" count="8" type="stmt"/>
        <line num="6" count="8" type="stmt"/>
        <line num="7" count="8" type="stmt"/>
        <line num="9" count="8" type="stmt"/>
        <line num="13" count="43" type="stmt"/>
        <line num="18" count="43" type="stmt"/>
        <line num="23" count="57" type="stmt"/>
        <line num="28" count="8" type="stmt"/>
        <line num="29" count="2" type="stmt"/>
        <line num="30" count="2" type="stmt"/>
        <line num="33" count="2" type="stmt"/>
        <line num="34" count="3" type="stmt"/>
        <line num="35" count="3" type="stmt"/>
        <line num="39" count="27" type="stmt"/>
        <line num="40" count="27" type="stmt"/>
        <line num="41" count="38" type="stmt"/>
        <line num="42" count="38" type="stmt"/>
      </file>
      <file name="reducer.js" path="F:\Обучение\GeekBrains\2_03 React\hw\src\store\profile\reducer.js">
        <metrics statements="8" coveredstatements="8" conditionals="6" coveredconditionals="6" methods="1" coveredmethods="1"/>
        <line num="3" count="8" type="stmt"/>
        <line num="10" count="8" type="cond" truecount="1" falsecount="0"/>
        <line num="11" count="6809" type="cond" truecount="5" falsecount="0"/>
        <line num="13" count="5" type="stmt"/>
        <line num="18" count="44" type="stmt"/>
        <line num="23" count="44" type="stmt"/>
        <line num="28" count="58" type="stmt"/>
        <line num="33" count="6658" type="stmt"/>
      </file>
    </package>
  </project>
</coverage>
