{"F:\\Обучение\\GeekBrains\\2_03 React\\hw\\src\\GlobalData.jsx": {"path":"F:\\Обучение\\GeekBrains\\2_03 React\\hw\\src\\GlobalData.jsx","statementMap":{"0":{"start":{"line":5,"column":17},"end":{"line":5,"column":19}},"1":{"start":{"line":7,"column":22},"end":{"line":32,"column":1}}},"fnMap":{},"branchMap":{},"s":{"0":6,"1":6},"f":{},"b":{},"_coverageSchema":"1a1c01bbd47fc00a2c39e90264f33305004495a9","hash":"328d42f61b37c53a6e93331005544482fe888f21"}
,"F:\\Обучение\\GeekBrains\\2_03 React\\hw\\src\\components\\ChatContain\\ChatContain.jsx": {"path":"F:\\Обучение\\GeekBrains\\2_03 React\\hw\\src\\components\\ChatContain\\ChatContain.jsx","statementMap":{"0":{"start":{"line":18,"column":27},"end":{"line":64,"column":1}},"1":{"start":{"line":19,"column":19},"end":{"line":19,"column":32}},"2":{"start":{"line":20,"column":16},"end":{"line":20,"column":40}},"3":{"start":{"line":21,"column":18},"end":{"line":21,"column":45}},"4":{"start":{"line":22,"column":32},"end":{"line":22,"column":45}},"5":{"start":{"line":23,"column":22},"end":{"line":23,"column":34}},"6":{"start":{"line":25,"column":23},"end":{"line":34,"column":3}},"7":{"start":{"line":25,"column":34},"end":{"line":34,"column":3}},"8":{"start":{"line":26,"column":25},"end":{"line":26,"column":47}},"9":{"start":{"line":27,"column":23},"end":{"line":27,"column":35}},"10":{"start":{"line":28,"column":4},"end":{"line":32,"column":5}},"11":{"start":{"line":29,"column":6},"end":{"line":29,"column":29}},"12":{"start":{"line":31,"column":6},"end":{"line":31,"column":41}},"13":{"start":{"line":33,"column":4},"end":{"line":33,"column":27}},"14":{"start":{"line":36,"column":20},"end":{"line":41,"column":3}},"15":{"start":{"line":37,"column":4},"end":{"line":37,"column":40}},"16":{"start":{"line":38,"column":4},"end":{"line":38,"column":44}},"17":{"start":{"line":39,"column":4},"end":{"line":40,"column":74}},"18":{"start":{"line":43,"column":23},"end":{"line":49,"column":3}},"19":{"start":{"line":44,"column":4},"end":{"line":47,"column":7}},"20":{"start":{"line":45,"column":6},"end":{"line":45,"column":36}},"21":{"start":{"line":46,"column":6},"end":{"line":46,"column":44}},"22":{"start":{"line":48,"column":4},"end":{"line":48,"column":20}},"23":{"start":{"line":51,"column":25},"end":{"line":55,"column":3}},"24":{"start":{"line":52,"column":4},"end":{"line":52,"column":48}},"25":{"start":{"line":53,"column":4},"end":{"line":53,"column":55}},"26":{"start":{"line":54,"column":4},"end":{"line":54,"column":20}},"27":{"start":{"line":57,"column":2},"end":{"line":63,"column":4}}},"fnMap":{"0":{"name":"(anonymous_0)","decl":{"start":{"line":18,"column":27},"end":{"line":18,"column":28}},"loc":{"start":{"line":18,"column":33},"end":{"line":64,"column":1}},"line":18},"1":{"name":"(anonymous_1)","decl":{"start":{"line":25,"column":23},"end":{"line":25,"column":24}},"loc":{"start":{"line":25,"column":34},"end":{"line":34,"column":3}},"line":25},"2":{"name":"(anonymous_2)","decl":{"start":{"line":25,"column":34},"end":{"line":25,"column":35}},"loc":{"start":{"line":25,"column":40},"end":{"line":34,"column":3}},"line":25},"3":{"name":"(anonymous_3)","decl":{"start":{"line":36,"column":20},"end":{"line":36,"column":21}},"loc":{"start":{"line":36,"column":26},"end":{"line":41,"column":3}},"line":36},"4":{"name":"(anonymous_4)","decl":{"start":{"line":43,"column":23},"end":{"line":43,"column":24}},"loc":{"start":{"line":43,"column":36},"end":{"line":49,"column":3}},"line":43},"5":{"name":"(anonymous_5)","decl":{"start":{"line":44,"column":20},"end":{"line":44,"column":21}},"loc":{"start":{"line":44,"column":28},"end":{"line":47,"column":5}},"line":44},"6":{"name":"(anonymous_6)","decl":{"start":{"line":51,"column":25},"end":{"line":51,"column":26}},"loc":{"start":{"line":51,"column":35},"end":{"line":55,"column":3}},"line":51}},"branchMap":{"0":{"loc":{"start":{"line":28,"column":4},"end":{"line":32,"column":5}},"type":"if","locations":[{"start":{"line":28,"column":4},"end":{"line":32,"column":5}},{"start":{"line":30,"column":11},"end":{"line":32,"column":5}}],"line":28},"1":{"loc":{"start":{"line":61,"column":7},"end":{"line":61,"column":78}},"type":"binary-expr","locations":[{"start":{"line":61,"column":7},"end":{"line":61,"column":27}},{"start":{"line":61,"column":31},"end":{"line":61,"column":78}}],"line":61}},"s":{"0":3,"1":67,"2":67,"3":67,"4":67,"5":67,"6":67,"7":195,"8":7,"9":7,"10":7,"11":6,"12":1,"13":7,"14":67,"15":3,"16":3,"17":3,"18":67,"19":1,"20":4,"21":4,"22":1,"23":67,"24":2,"25":2,"26":2,"27":67},"f":{"0":67,"1":195,"2":7,"3":3,"4":1,"5":4,"6":2},"b":{"0":[6,1],"1":[67,4]},"_coverageSchema":"1a1c01bbd47fc00a2c39e90264f33305004495a9","hash":"c27d7aa4452185401a0075df47209d92be126a77"}
,"F:\\Обучение\\GeekBrains\\2_03 React\\hw\\src\\components\\Header\\Header.jsx": {"path":"F:\\Обучение\\GeekBrains\\2_03 React\\hw\\src\\components\\Header\\Header.jsx","statementMap":{"0":{"start":{"line":5,"column":22},"end":{"line":11,"column":1}},"1":{"start":{"line":6,"column":2},"end":{"line":10,"column":4}}},"fnMap":{"0":{"name":"(anonymous_0)","decl":{"start":{"line":5,"column":22},"end":{"line":5,"column":23}},"loc":{"start":{"line":5,"column":28},"end":{"line":11,"column":1}},"line":5}},"branchMap":{},"s":{"0":5,"1":24},"f":{"0":24},"b":{},"_coverageSchema":"1a1c01bbd47fc00a2c39e90264f33305004495a9","hash":"099e350953504528708cd472cf7ee2b44a6b1acc"}
,"F:\\Обучение\\GeekBrains\\2_03 React\\hw\\src\\components\\HeaderNavBar\\HeaderNavBar.jsx": {"path":"F:\\Обучение\\GeekBrains\\2_03 React\\hw\\src\\components\\HeaderNavBar\\HeaderNavBar.jsx","statementMap":{"0":{"start":{"line":6,"column":28},"end":{"line":26,"column":1}},"1":{"start":{"line":7,"column":2},"end":{"line":25,"column":4}},"2":{"start":{"line":10,"column":8},"end":{"line":22,"column":10}},"3":{"start":{"line":14,"column":44},"end":{"line":14,"column":72}}},"fnMap":{"0":{"name":"(anonymous_0)","decl":{"start":{"line":6,"column":28},"end":{"line":6,"column":29}},"loc":{"start":{"line":6,"column":34},"end":{"line":26,"column":1}},"line":6},"1":{"name":"(anonymous_1)","decl":{"start":{"line":9,"column":27},"end":{"line":9,"column":28}},"loc":{"start":{"line":9,"column":37},"end":{"line":23,"column":7}},"line":9},"2":{"name":"(anonymous_2)","decl":{"start":{"line":14,"column":25},"end":{"line":14,"column":26}},"loc":{"start":{"line":14,"column":44},"end":{"line":14,"column":72}},"line":14}},"branchMap":{"0":{"loc":{"start":{"line":14,"column":44},"end":{"line":14,"column":72}},"type":"cond-expr","locations":[{"start":{"line":14,"column":55},"end":{"line":14,"column":67}},{"start":{"line":14,"column":70},"end":{"line":14,"column":72}}],"line":14}},"s":{"0":6,"1":26,"2":78,"3":213},"f":{"0":26,"1":78,"2":213},"b":{"0":[61,152]},"_coverageSchema":"1a1c01bbd47fc00a2c39e90264f33305004495a9","hash":"7c4b4809f894b39709bc91aa5eacd6b9100545ea"}
,"F:\\Обучение\\GeekBrains\\2_03 React\\hw\\src\\components\\MessageContain\\MessageContain.jsx": {"path":"F:\\Обучение\\GeekBrains\\2_03 React\\hw\\src\\components\\MessageContain\\MessageContain.jsx","statementMap":{"0":{"start":{"line":14,"column":30},"end":{"line":34,"column":1}},"1":{"start":{"line":15,"column":19},"end":{"line":15,"column":32}},"2":{"start":{"line":16,"column":19},"end":{"line":16,"column":46}},"3":{"start":{"line":17,"column":15},"end":{"line":17,"column":42}},"4":{"start":{"line":18,"column":18},"end":{"line":18,"column":44}},"5":{"start":{"line":20,"column":22},"end":{"line":26,"column":3}},"6":{"start":{"line":22,"column":23},"end":{"line":22,"column":38}},"7":{"start":{"line":23,"column":6},"end":{"line":23,"column":68}},"8":{"start":{"line":28,"column":2},"end":{"line":33,"column":4}},"9":{"start":{"line":36,"column":0},"end":{"line":38,"column":2}}},"fnMap":{"0":{"name":"(anonymous_0)","decl":{"start":{"line":14,"column":30},"end":{"line":14,"column":31}},"loc":{"start":{"line":14,"column":46},"end":{"line":34,"column":1}},"line":14},"1":{"name":"(anonymous_1)","decl":{"start":{"line":21,"column":4},"end":{"line":21,"column":5}},"loc":{"start":{"line":21,"column":14},"end":{"line":24,"column":5}},"line":21}},"branchMap":{"0":{"loc":{"start":{"line":30,"column":7},"end":{"line":30,"column":69}},"type":"binary-expr","locations":[{"start":{"line":30,"column":7},"end":{"line":30,"column":23}},{"start":{"line":30,"column":27},"end":{"line":30,"column":69}}],"line":30},"1":{"loc":{"start":{"line":31,"column":7},"end":{"line":31,"column":73}},"type":"binary-expr","locations":[{"start":{"line":31,"column":7},"end":{"line":31,"column":23}},{"start":{"line":31,"column":27},"end":{"line":31,"column":73}}],"line":31}},"s":{"0":3,"1":2797,"2":2797,"3":2797,"4":2797,"5":2797,"6":2,"7":2,"8":2797,"9":3},"f":{"0":2797,"1":2},"b":{"0":[2797,40],"1":[2797,40]},"_coverageSchema":"1a1c01bbd47fc00a2c39e90264f33305004495a9","hash":"4e7987a0415d9651a376d2c3af535f326c7aaced"}
,"F:\\Обучение\\GeekBrains\\2_03 React\\hw\\src\\components\\ProfileButtons\\ProfileButtons.jsx": {"path":"F:\\Обучение\\GeekBrains\\2_03 React\\hw\\src\\components\\ProfileButtons\\ProfileButtons.jsx","statementMap":{"0":{"start":{"line":6,"column":30},"end":{"line":21,"column":1}},"1":{"start":{"line":7,"column":2},"end":{"line":20,"column":4}}},"fnMap":{"0":{"name":"(anonymous_0)","decl":{"start":{"line":6,"column":30},"end":{"line":6,"column":31}},"loc":{"start":{"line":6,"column":36},"end":{"line":21,"column":1}},"line":6}},"branchMap":{},"s":{"0":4,"1":13},"f":{"0":13},"b":{},"_coverageSchema":"1a1c01bbd47fc00a2c39e90264f33305004495a9","hash":"3f801f44ca90733afe5b61783a5494a80f0c71fd"}
,"F:\\Обучение\\GeekBrains\\2_03 React\\hw\\src\\components\\ProfileForm\\ProfileForm.jsx": {"path":"F:\\Обучение\\GeekBrains\\2_03 React\\hw\\src\\components\\ProfileForm\\ProfileForm.jsx","statementMap":{"0":{"start":{"line":9,"column":27},"end":{"line":55,"column":1}},"1":{"start":{"line":19,"column":2},"end":{"line":54,"column":4}},"2":{"start":{"line":29,"column":58},"end":{"line":29,"column":77}},"3":{"start":{"line":36,"column":33},"end":{"line":36,"column":61}},"4":{"start":{"line":37,"column":34},"end":{"line":37,"column":54}}},"fnMap":{"0":{"name":"(anonymous_0)","decl":{"start":{"line":9,"column":27},"end":{"line":9,"column":28}},"loc":{"start":{"line":18,"column":6},"end":{"line":55,"column":1}},"line":18},"1":{"name":"(anonymous_1)","decl":{"start":{"line":29,"column":47},"end":{"line":29,"column":48}},"loc":{"start":{"line":29,"column":58},"end":{"line":29,"column":77}},"line":29},"2":{"name":"(anonymous_2)","decl":{"start":{"line":36,"column":22},"end":{"line":36,"column":23}},"loc":{"start":{"line":36,"column":33},"end":{"line":36,"column":61}},"line":36},"3":{"name":"(anonymous_3)","decl":{"start":{"line":37,"column":23},"end":{"line":37,"column":24}},"loc":{"start":{"line":37,"column":34},"end":{"line":37,"column":54}},"line":37}},"branchMap":{"0":{"loc":{"start":{"line":28,"column":7},"end":{"line":47,"column":7}},"type":"binary-expr","locations":[{"start":{"line":28,"column":7},"end":{"line":28,"column":14}},{"start":{"line":29,"column":8},"end":{"line":46,"column":15}}],"line":28}},"s":{"0":4,"1":15,"2":1,"3":2,"4":1},"f":{"0":15,"1":1,"2":2,"3":1},"b":{"0":[15,5]},"_coverageSchema":"1a1c01bbd47fc00a2c39e90264f33305004495a9","hash":"5e562f65126a9a8245cabd657d641ae7d01588b3"}
,"F:\\Обучение\\GeekBrains\\2_03 React\\hw\\src\\pages\\App\\App.jsx": {"path":"F:\\Обучение\\GeekBrains\\2_03 React\\hw\\src\\pages\\App\\App.jsx","statementMap":{"0":{"start":{"line":27,"column":14},"end":{"line":29,"column":1}},"1":{"start":{"line":28,"column":2},"end":{"line":28,"column":72}},"2":{"start":{"line":28,"column":45},"end":{"line":28,"column":70}},"3":{"start":{"line":32,"column":19},"end":{"line":32,"column":32}},"4":{"start":{"line":34,"column":2},"end":{"line":51,"column":9}},"5":{"start":{"line":35,"column":4},"end":{"line":50,"column":7}},"6":{"start":{"line":36,"column":6},"end":{"line":49,"column":7}},"7":{"start":{"line":37,"column":8},"end":{"line":37,"column":35}},"8":{"start":{"line":38,"column":8},"end":{"line":38,"column":42}},"9":{"start":{"line":39,"column":8},"end":{"line":39,"column":41}},"10":{"start":{"line":40,"column":8},"end":{"line":40,"column":38}},"11":{"start":{"line":41,"column":8},"end":{"line":41,"column":42}},"12":{"start":{"line":42,"column":8},"end":{"line":42,"column":40}},"13":{"start":{"line":44,"column":8},"end":{"line":44,"column":36}},"14":{"start":{"line":45,"column":8},"end":{"line":45,"column":39}},"15":{"start":{"line":46,"column":8},"end":{"line":46,"column":37}},"16":{"start":{"line":47,"column":8},"end":{"line":47,"column":40}},"17":{"start":{"line":48,"column":8},"end":{"line":48,"column":42}},"18":{"start":{"line":53,"column":2},"end":{"line":85,"column":4}}},"fnMap":{"0":{"name":"(anonymous_0)","decl":{"start":{"line":27,"column":25},"end":{"line":27,"column":26}},"loc":{"start":{"line":28,"column":2},"end":{"line":28,"column":72}},"line":28},"1":{"name":"(anonymous_1)","decl":{"start":{"line":28,"column":32},"end":{"line":28,"column":33}},"loc":{"start":{"line":28,"column":45},"end":{"line":28,"column":70}},"line":28},"2":{"name":"App","decl":{"start":{"line":31,"column":24},"end":{"line":31,"column":27}},"loc":{"start":{"line":31,"column":30},"end":{"line":86,"column":1}},"line":31},"3":{"name":"(anonymous_3)","decl":{"start":{"line":34,"column":12},"end":{"line":34,"column":13}},"loc":{"start":{"line":34,"column":18},"end":{"line":51,"column":3}},"line":34},"4":{"name":"(anonymous_4)","decl":{"start":{"line":35,"column":28},"end":{"line":35,"column":29}},"loc":{"start":{"line":35,"column":38},"end":{"line":50,"column":5}},"line":35}},"branchMap":{"0":{"loc":{"start":{"line":36,"column":6},"end":{"line":49,"column":7}},"type":"if","locations":[{"start":{"line":36,"column":6},"end":{"line":49,"column":7}},{"start":{"line":43,"column":13},"end":{"line":49,"column":7}}],"line":36}},"s":{"0":3,"1":2,"2":2,"3":23,"4":20,"5":20,"6":43,"7":27,"8":27,"9":27,"10":27,"11":27,"12":27,"13":16,"14":16,"15":16,"16":16,"17":16,"18":20},"f":{"0":2,"1":2,"2":23,"3":20,"4":43},"b":{"0":[27,16]},"_coverageSchema":"1a1c01bbd47fc00a2c39e90264f33305004495a9","hash":"a6a0f756294c2f3e4b59a44ddce57d7ba1d861fd"}
,"F:\\Обучение\\GeekBrains\\2_03 React\\hw\\src\\pages\\Chats\\Chats.jsx": {"path":"F:\\Обучение\\GeekBrains\\2_03 React\\hw\\src\\pages\\Chats\\Chats.jsx","statementMap":{"0":{"start":{"line":13,"column":21},"end":{"line":38,"column":1}},"1":{"start":{"line":14,"column":19},"end":{"line":14,"column":32}},"2":{"start":{"line":16,"column":15},"end":{"line":16,"column":42}},"3":{"start":{"line":17,"column":16},"end":{"line":17,"column":40}},"4":{"start":{"line":18,"column":21},"end":{"line":18,"column":32}},"5":{"start":{"line":20,"column":2},"end":{"line":24,"column":32}},"6":{"start":{"line":21,"column":4},"end":{"line":23,"column":5}},"7":{"start":{"line":21,"column":34},"end":{"line":21,"column":53}},"8":{"start":{"line":22,"column":6},"end":{"line":22,"column":25}},"9":{"start":{"line":26,"column":2},"end":{"line":37,"column":4}}},"fnMap":{"0":{"name":"(anonymous_0)","decl":{"start":{"line":13,"column":21},"end":{"line":13,"column":22}},"loc":{"start":{"line":13,"column":27},"end":{"line":38,"column":1}},"line":13},"1":{"name":"(anonymous_1)","decl":{"start":{"line":20,"column":12},"end":{"line":20,"column":13}},"loc":{"start":{"line":20,"column":18},"end":{"line":24,"column":3}},"line":20},"2":{"name":"(anonymous_2)","decl":{"start":{"line":21,"column":24},"end":{"line":21,"column":25}},"loc":{"start":{"line":21,"column":34},"end":{"line":21,"column":53}},"line":21}},"branchMap":{"0":{"loc":{"start":{"line":21,"column":4},"end":{"line":23,"column":5}},"type":"if","locations":[{"start":{"line":21,"column":4},"end":{"line":23,"column":5}},{"start":{},"end":{}}],"line":21},"1":{"loc":{"start":{"line":34,"column":9},"end":{"line":34,"column":84}},"type":"cond-expr","locations":[{"start":{"line":34,"column":18},"end":{"line":34,"column":52}},{"start":{"line":34,"column":55},"end":{"line":34,"column":84}}],"line":34}},"s":{"0":2,"1":59,"2":59,"3":59,"4":59,"5":59,"6":38,"7":113,"8":21,"9":59},"f":{"0":59,"1":38,"2":113},"b":{"0":[21,17],"1":[21,38]},"_coverageSchema":"1a1c01bbd47fc00a2c39e90264f33305004495a9","hash":"a568869a99df02dee99c8e4ba59205c245d5c5b2"}
,"F:\\Обучение\\GeekBrains\\2_03 React\\hw\\src\\pages\\Data\\Data.jsx": {"path":"F:\\Обучение\\GeekBrains\\2_03 React\\hw\\src\\pages\\Data\\Data.jsx","statementMap":{"0":{"start":{"line":12,"column":20},"end":{"line":48,"column":1}},"1":{"start":{"line":13,"column":15},"end":{"line":13,"column":39}},"2":{"start":{"line":14,"column":15},"end":{"line":14,"column":39}},"3":{"start":{"line":15,"column":16},"end":{"line":15,"column":41}},"4":{"start":{"line":16,"column":19},"end":{"line":16,"column":32}},"5":{"start":{"line":18,"column":2},"end":{"line":20,"column":9}},"6":{"start":{"line":19,"column":4},"end":{"line":19,"column":35}},"7":{"start":{"line":22,"column":2},"end":{"line":47,"column":4}},"8":{"start":{"line":31,"column":27},"end":{"line":31,"column":54}},"9":{"start":{"line":38,"column":10},"end":{"line":43,"column":12}}},"fnMap":{"0":{"name":"(anonymous_0)","decl":{"start":{"line":12,"column":20},"end":{"line":12,"column":21}},"loc":{"start":{"line":12,"column":33},"end":{"line":48,"column":1}},"line":12},"1":{"name":"(anonymous_1)","decl":{"start":{"line":18,"column":12},"end":{"line":18,"column":13}},"loc":{"start":{"line":18,"column":18},"end":{"line":20,"column":3}},"line":18},"2":{"name":"(anonymous_2)","decl":{"start":{"line":31,"column":21},"end":{"line":31,"column":22}},"loc":{"start":{"line":31,"column":27},"end":{"line":31,"column":54}},"line":31},"3":{"name":"(anonymous_3)","decl":{"start":{"line":37,"column":18},"end":{"line":37,"column":19}},"loc":{"start":{"line":37,"column":33},"end":{"line":44,"column":9}},"line":37}},"branchMap":{"0":{"loc":{"start":{"line":24,"column":7},"end":{"line":24,"column":30}},"type":"binary-expr","locations":[{"start":{"line":24,"column":7},"end":{"line":24,"column":11}},{"start":{"line":24,"column":15},"end":{"line":24,"column":30}}],"line":24},"1":{"loc":{"start":{"line":25,"column":7},"end":{"line":35,"column":7}},"type":"binary-expr","locations":[{"start":{"line":25,"column":7},"end":{"line":25,"column":12}},{"start":{"line":26,"column":8},"end":{"line":34,"column":14}}],"line":25}},"s":{"0":4,"1":11,"2":11,"3":11,"4":11,"5":11,"6":3,"7":11,"8":1,"9":30},"f":{"0":11,"1":3,"2":1,"3":30},"b":{"0":[11,6],"1":[11,2]},"_coverageSchema":"1a1c01bbd47fc00a2c39e90264f33305004495a9","hash":"f95720d3e713dbc4ea50bfaf6cb70792c009632c"}
,"F:\\Обучение\\GeekBrains\\2_03 React\\hw\\src\\pages\\Layout\\Layout.jsx": {"path":"F:\\Обучение\\GeekBrains\\2_03 React\\hw\\src\\pages\\Layout\\Layout.jsx","statementMap":{"0":{"start":{"line":8,"column":22},"end":{"line":22,"column":1}},"1":{"start":{"line":9,"column":2},"end":{"line":21,"column":4}}},"fnMap":{"0":{"name":"(anonymous_0)","decl":{"start":{"line":8,"column":22},"end":{"line":8,"column":23}},"loc":{"start":{"line":8,"column":28},"end":{"line":22,"column":1}},"line":8}},"branchMap":{},"s":{"0":4,"1":24},"f":{"0":24},"b":{},"_coverageSchema":"1a1c01bbd47fc00a2c39e90264f33305004495a9","hash":"f054d084a7e809d7dfada21da2a92b690b908dd8"}
,"F:\\Обучение\\GeekBrains\\2_03 React\\hw\\src\\pages\\Profile\\Profile.jsx": {"path":"F:\\Обучение\\GeekBrains\\2_03 React\\hw\\src\\pages\\Profile\\Profile.jsx","statementMap":{"0":{"start":{"line":19,"column":23},"end":{"line":73,"column":1}},"1":{"start":{"line":20,"column":18},"end":{"line":20,"column":62}},"2":{"start":{"line":21,"column":15},"end":{"line":21,"column":42}},"3":{"start":{"line":22,"column":15},"end":{"line":22,"column":42}},"4":{"start":{"line":23,"column":16},"end":{"line":23,"column":44}},"5":{"start":{"line":24,"column":28},"end":{"line":24,"column":40}},"6":{"start":{"line":25,"column":19},"end":{"line":25,"column":32}},"7":{"start":{"line":26,"column":20},"end":{"line":26,"column":32}},"8":{"start":{"line":28,"column":22},"end":{"line":30,"column":3}},"9":{"start":{"line":29,"column":4},"end":{"line":29,"column":13}},"10":{"start":{"line":32,"column":23},"end":{"line":36,"column":3}},"11":{"start":{"line":33,"column":4},"end":{"line":33,"column":27}},"12":{"start":{"line":34,"column":4},"end":{"line":34,"column":37}},"13":{"start":{"line":35,"column":4},"end":{"line":35,"column":17}},"14":{"start":{"line":38,"column":24},"end":{"line":43,"column":3}},"15":{"start":{"line":39,"column":4},"end":{"line":42,"column":5}},"16":{"start":{"line":40,"column":6},"end":{"line":40,"column":29}},"17":{"start":{"line":41,"column":6},"end":{"line":41,"column":26}},"18":{"start":{"line":45,"column":22},"end":{"line":47,"column":3}},"19":{"start":{"line":46,"column":4},"end":{"line":46,"column":28}},"20":{"start":{"line":49,"column":2},"end":{"line":51,"column":5}},"21":{"start":{"line":50,"column":4},"end":{"line":50,"column":53}},"22":{"start":{"line":50,"column":27},"end":{"line":50,"column":53}},"23":{"start":{"line":53,"column":2},"end":{"line":72,"column":4}}},"fnMap":{"0":{"name":"(anonymous_0)","decl":{"start":{"line":19,"column":23},"end":{"line":19,"column":24}},"loc":{"start":{"line":19,"column":29},"end":{"line":73,"column":1}},"line":19},"1":{"name":"(anonymous_1)","decl":{"start":{"line":28,"column":22},"end":{"line":28,"column":23}},"loc":{"start":{"line":28,"column":34},"end":{"line":30,"column":3}},"line":28},"2":{"name":"(anonymous_2)","decl":{"start":{"line":32,"column":23},"end":{"line":32,"column":24}},"loc":{"start":{"line":32,"column":34},"end":{"line":36,"column":3}},"line":32},"3":{"name":"(anonymous_3)","decl":{"start":{"line":38,"column":24},"end":{"line":38,"column":25}},"loc":{"start":{"line":38,"column":35},"end":{"line":43,"column":3}},"line":38},"4":{"name":"(anonymous_4)","decl":{"start":{"line":45,"column":22},"end":{"line":45,"column":23}},"loc":{"start":{"line":45,"column":28},"end":{"line":47,"column":3}},"line":45},"5":{"name":"(anonymous_5)","decl":{"start":{"line":49,"column":12},"end":{"line":49,"column":13}},"loc":{"start":{"line":49,"column":18},"end":{"line":51,"column":3}},"line":49}},"branchMap":{"0":{"loc":{"start":{"line":39,"column":4},"end":{"line":42,"column":5}},"type":"if","locations":[{"start":{"line":39,"column":4},"end":{"line":42,"column":5}},{"start":{},"end":{}}],"line":39},"1":{"loc":{"start":{"line":50,"column":4},"end":{"line":50,"column":53}},"type":"if","locations":[{"start":{"line":50,"column":4},"end":{"line":50,"column":53}},{"start":{},"end":{}}],"line":50},"2":{"loc":{"start":{"line":57,"column":7},"end":{"line":70,"column":7}},"type":"cond-expr","locations":[{"start":{"line":58,"column":8},"end":{"line":67,"column":10}},{"start":{"line":69,"column":8},"end":{"line":69,"column":26}}],"line":57}},"s":{"0":3,"1":26,"2":26,"3":26,"4":26,"5":26,"6":26,"7":26,"8":26,"9":1,"10":26,"11":2,"12":2,"13":2,"14":26,"15":1,"16":1,"17":1,"18":26,"19":2,"20":26,"21":26,"22":5,"23":26},"f":{"0":26,"1":1,"2":2,"3":1,"4":2,"5":26},"b":{"0":[1,0],"1":[5,21],"2":[14,12]},"_coverageSchema":"1a1c01bbd47fc00a2c39e90264f33305004495a9","hash":"47341ad4182b4e598916d7f70c9df63241a5cf21"}
,"F:\\Обучение\\GeekBrains\\2_03 React\\hw\\src\\pages\\Sign\\Sign.jsx": {"path":"F:\\Обучение\\GeekBrains\\2_03 React\\hw\\src\\pages\\Sign\\Sign.jsx","statementMap":{"0":{"start":{"line":10,"column":20},"end":{"line":68,"column":1}},"1":{"start":{"line":11,"column":19},"end":{"line":11,"column":32}},"2":{"start":{"line":12,"column":19},"end":{"line":12,"column":32}},"3":{"start":{"line":13,"column":19},"end":{"line":13,"column":56}},"4":{"start":{"line":15,"column":18},"end":{"line":15,"column":29}},"5":{"start":{"line":16,"column":28},"end":{"line":16,"column":40}},"6":{"start":{"line":17,"column":34},"end":{"line":17,"column":46}},"7":{"start":{"line":18,"column":28},"end":{"line":18,"column":40}},"8":{"start":{"line":20,"column":23},"end":{"line":30,"column":3}},"9":{"start":{"line":21,"column":4},"end":{"line":21,"column":27}},"10":{"start":{"line":22,"column":4},"end":{"line":22,"column":17}},"11":{"start":{"line":23,"column":4},"end":{"line":29,"column":5}},"12":{"start":{"line":24,"column":6},"end":{"line":25,"column":40}},"13":{"start":{"line":24,"column":15},"end":{"line":24,"column":45}},"14":{"start":{"line":25,"column":11},"end":{"line":25,"column":40}},"15":{"start":{"line":26,"column":6},"end":{"line":26,"column":44}},"16":{"start":{"line":28,"column":6},"end":{"line":28,"column":34}},"17":{"start":{"line":28,"column":21},"end":{"line":28,"column":32}},"18":{"start":{"line":32,"column":2},"end":{"line":67,"column":4}},"19":{"start":{"line":36,"column":56},"end":{"line":36,"column":75}},"20":{"start":{"line":44,"column":31},"end":{"line":44,"column":59}},"21":{"start":{"line":56,"column":31},"end":{"line":56,"column":62}}},"fnMap":{"0":{"name":"(anonymous_0)","decl":{"start":{"line":10,"column":20},"end":{"line":10,"column":21}},"loc":{"start":{"line":10,"column":26},"end":{"line":68,"column":1}},"line":10},"1":{"name":"(anonymous_1)","decl":{"start":{"line":20,"column":23},"end":{"line":20,"column":24}},"loc":{"start":{"line":20,"column":40},"end":{"line":30,"column":3}},"line":20},"2":{"name":"(anonymous_2)","decl":{"start":{"line":28,"column":15},"end":{"line":28,"column":16}},"loc":{"start":{"line":28,"column":21},"end":{"line":28,"column":32}},"line":28},"3":{"name":"(anonymous_3)","decl":{"start":{"line":36,"column":45},"end":{"line":36,"column":46}},"loc":{"start":{"line":36,"column":56},"end":{"line":36,"column":75}},"line":36},"4":{"name":"(anonymous_4)","decl":{"start":{"line":44,"column":20},"end":{"line":44,"column":21}},"loc":{"start":{"line":44,"column":31},"end":{"line":44,"column":59}},"line":44},"5":{"name":"(anonymous_5)","decl":{"start":{"line":56,"column":20},"end":{"line":56,"column":21}},"loc":{"start":{"line":56,"column":31},"end":{"line":56,"column":62}},"line":56}},"branchMap":{"0":{"loc":{"start":{"line":13,"column":19},"end":{"line":13,"column":56}},"type":"binary-expr","locations":[{"start":{"line":13,"column":19},"end":{"line":13,"column":49}},{"start":{"line":13,"column":53},"end":{"line":13,"column":56}}],"line":13},"1":{"loc":{"start":{"line":24,"column":6},"end":{"line":25,"column":40}},"type":"if","locations":[{"start":{"line":24,"column":6},"end":{"line":25,"column":40}},{"start":{"line":25,"column":11},"end":{"line":25,"column":40}}],"line":24},"2":{"loc":{"start":{"line":35,"column":7},"end":{"line":35,"column":49}},"type":"cond-expr","locations":[{"start":{"line":35,"column":13},"end":{"line":35,"column":33}},{"start":{"line":35,"column":36},"end":{"line":35,"column":49}}],"line":35},"3":{"loc":{"start":{"line":62,"column":11},"end":{"line":62,"column":47}},"type":"cond-expr","locations":[{"start":{"line":62,"column":17},"end":{"line":62,"column":37}},{"start":{"line":62,"column":40},"end":{"line":62,"column":47}}],"line":62}},"s":{"0":4,"1":34,"2":33,"3":33,"4":33,"5":33,"6":33,"7":33,"8":33,"9":9,"10":9,"11":9,"12":9,"13":3,"14":6,"15":4,"16":5,"17":5,"18":33,"19":9,"20":8,"21":8},"f":{"0":34,"1":9,"2":5,"3":9,"4":8,"5":8},"b":{"0":[33,26],"1":[3,6],"2":[12,21],"3":[12,21]},"_coverageSchema":"1a1c01bbd47fc00a2c39e90264f33305004495a9","hash":"ed1ad327af5b8b217eab41dbffc2dda13add4306"}
,"F:\\Обучение\\GeekBrains\\2_03 React\\hw\\src\\store\\store.js": {"path":"F:\\Обучение\\GeekBrains\\2_03 React\\hw\\src\\store\\store.js","statementMap":{"0":{"start":{"line":11,"column":22},"end":{"line":15,"column":1}},"1":{"start":{"line":17,"column":21},"end":{"line":22,"column":2}},"2":{"start":{"line":24,"column":26},"end":{"line":24,"column":69}},"3":{"start":{"line":26,"column":32},"end":{"line":26,"column":86}},"4":{"start":{"line":28,"column":21},"end":{"line":28,"column":93}},"5":{"start":{"line":30,"column":25},"end":{"line":30,"column":44}}},"fnMap":{},"branchMap":{"0":{"loc":{"start":{"line":26,"column":32},"end":{"line":26,"column":86}},"type":"binary-expr","locations":[{"start":{"line":26,"column":32},"end":{"line":26,"column":75}},{"start":{"line":26,"column":79},"end":{"line":26,"column":86}}],"line":26}},"s":{"0":7,"1":7,"2":7,"3":7,"4":7,"5":7},"f":{},"b":{"0":[7,7]},"_coverageSchema":"1a1c01bbd47fc00a2c39e90264f33305004495a9","hash":"346108157921f79c2e3206cf5cb25c4f0caf1a27"}
,"F:\\Обучение\\GeekBrains\\2_03 React\\hw\\src\\store\\chats\\actions.js": {"path":"F:\\Обучение\\GeekBrains\\2_03 React\\hw\\src\\store\\chats\\actions.js","statementMap":{"0":{"start":{"line":4,"column":30},"end":{"line":4,"column":53}},"1":{"start":{"line":5,"column":24},"end":{"line":5,"column":41}},"2":{"start":{"line":6,"column":27},"end":{"line":6,"column":47}},"3":{"start":{"line":7,"column":27},"end":{"line":7,"column":47}},"4":{"start":{"line":9,"column":31},"end":{"line":12,"column":2}},"5":{"start":{"line":9,"column":40},"end":{"line":12,"column":1}},"6":{"start":{"line":14,"column":23},"end":{"line":17,"column":2}},"7":{"start":{"line":14,"column":37},"end":{"line":17,"column":1}},"8":{"start":{"line":19,"column":26},"end":{"line":23,"column":2}},"9":{"start":{"line":19,"column":42},"end":{"line":23,"column":1}},"10":{"start":{"line":25,"column":26},"end":{"line":28,"column":2}},"11":{"start":{"line":25,"column":35},"end":{"line":28,"column":1}},"12":{"start":{"line":30,"column":28},"end":{"line":39,"column":1}},"13":{"start":{"line":30,"column":36},"end":{"line":39,"column":1}},"14":{"start":{"line":31,"column":2},"end":{"line":33,"column":5}},"15":{"start":{"line":34,"column":2},"end":{"line":37,"column":5}},"16":{"start":{"line":38,"column":2},"end":{"line":38,"column":22}},"17":{"start":{"line":41,"column":31},"end":{"line":51,"column":1}},"18":{"start":{"line":41,"column":45},"end":{"line":51,"column":1}},"19":{"start":{"line":42,"column":2},"end":{"line":45,"column":5}},"20":{"start":{"line":46,"column":2},"end":{"line":50,"column":5}},"21":{"start":{"line":47,"column":4},"end":{"line":49,"column":7}},"22":{"start":{"line":48,"column":6},"end":{"line":48,"column":74}},"23":{"start":{"line":48,"column":32},"end":{"line":48,"column":74}},"24":{"start":{"line":53,"column":31},"end":{"line":56,"column":1}},"25":{"start":{"line":53,"column":39},"end":{"line":56,"column":1}},"26":{"start":{"line":54,"column":2},"end":{"line":54,"column":30}},"27":{"start":{"line":55,"column":2},"end":{"line":55,"column":22}},"28":{"start":{"line":58,"column":33},"end":{"line":67,"column":1}},"29":{"start":{"line":58,"column":39},"end":{"line":67,"column":1}},"30":{"start":{"line":59,"column":2},"end":{"line":66,"column":5}},"31":{"start":{"line":60,"column":21},"end":{"line":60,"column":23}},"32":{"start":{"line":61,"column":4},"end":{"line":63,"column":7}},"33":{"start":{"line":62,"column":6},"end":{"line":62,"column":51}},"34":{"start":{"line":62,"column":25},"end":{"line":62,"column":51}},"35":{"start":{"line":64,"column":4},"end":{"line":64,"column":32}},"36":{"start":{"line":65,"column":4},"end":{"line":65,"column":76}},"37":{"start":{"line":65,"column":24},"end":{"line":65,"column":76}},"38":{"start":{"line":69,"column":35},"end":{"line":72,"column":1}},"39":{"start":{"line":69,"column":41},"end":{"line":72,"column":1}},"40":{"start":{"line":70,"column":2},"end":{"line":70,"column":24}},"41":{"start":{"line":71,"column":2},"end":{"line":71,"column":31}}},"fnMap":{"0":{"name":"(anonymous_0)","decl":{"start":{"line":9,"column":31},"end":{"line":9,"column":32}},"loc":{"start":{"line":9,"column":40},"end":{"line":12,"column":1}},"line":9},"1":{"name":"(anonymous_1)","decl":{"start":{"line":14,"column":23},"end":{"line":14,"column":24}},"loc":{"start":{"line":14,"column":37},"end":{"line":17,"column":1}},"line":14},"2":{"name":"(anonymous_2)","decl":{"start":{"line":19,"column":26},"end":{"line":19,"column":27}},"loc":{"start":{"line":19,"column":42},"end":{"line":23,"column":1}},"line":19},"3":{"name":"(anonymous_3)","decl":{"start":{"line":25,"column":26},"end":{"line":25,"column":27}},"loc":{"start":{"line":25,"column":35},"end":{"line":28,"column":1}},"line":25},"4":{"name":"(anonymous_4)","decl":{"start":{"line":30,"column":28},"end":{"line":30,"column":29}},"loc":{"start":{"line":30,"column":36},"end":{"line":39,"column":1}},"line":30},"5":{"name":"(anonymous_5)","decl":{"start":{"line":30,"column":36},"end":{"line":30,"column":37}},"loc":{"start":{"line":30,"column":42},"end":{"line":39,"column":1}},"line":30},"6":{"name":"(anonymous_6)","decl":{"start":{"line":41,"column":31},"end":{"line":41,"column":32}},"loc":{"start":{"line":41,"column":45},"end":{"line":51,"column":1}},"line":41},"7":{"name":"(anonymous_7)","decl":{"start":{"line":41,"column":45},"end":{"line":41,"column":46}},"loc":{"start":{"line":41,"column":59},"end":{"line":51,"column":1}},"line":41},"8":{"name":"(anonymous_8)","decl":{"start":{"line":46,"column":20},"end":{"line":46,"column":21}},"loc":{"start":{"line":46,"column":34},"end":{"line":50,"column":3}},"line":46},"9":{"name":"(anonymous_9)","decl":{"start":{"line":47,"column":21},"end":{"line":47,"column":22}},"loc":{"start":{"line":47,"column":31},"end":{"line":49,"column":5}},"line":47},"10":{"name":"(anonymous_10)","decl":{"start":{"line":53,"column":31},"end":{"line":53,"column":32}},"loc":{"start":{"line":53,"column":39},"end":{"line":56,"column":1}},"line":53},"11":{"name":"(anonymous_11)","decl":{"start":{"line":53,"column":39},"end":{"line":53,"column":40}},"loc":{"start":{"line":53,"column":45},"end":{"line":56,"column":1}},"line":53},"12":{"name":"(anonymous_12)","decl":{"start":{"line":58,"column":33},"end":{"line":58,"column":34}},"loc":{"start":{"line":58,"column":39},"end":{"line":67,"column":1}},"line":58},"13":{"name":"(anonymous_13)","decl":{"start":{"line":58,"column":39},"end":{"line":58,"column":40}},"loc":{"start":{"line":58,"column":53},"end":{"line":67,"column":1}},"line":58},"14":{"name":"(anonymous_14)","decl":{"start":{"line":59,"column":20},"end":{"line":59,"column":21}},"loc":{"start":{"line":59,"column":34},"end":{"line":66,"column":3}},"line":59},"15":{"name":"(anonymous_15)","decl":{"start":{"line":61,"column":21},"end":{"line":61,"column":22}},"loc":{"start":{"line":61,"column":31},"end":{"line":63,"column":5}},"line":61},"16":{"name":"(anonymous_16)","decl":{"start":{"line":69,"column":35},"end":{"line":69,"column":36}},"loc":{"start":{"line":69,"column":41},"end":{"line":72,"column":1}},"line":69},"17":{"name":"(anonymous_17)","decl":{"start":{"line":69,"column":41},"end":{"line":69,"column":42}},"loc":{"start":{"line":69,"column":55},"end":{"line":72,"column":1}},"line":69}},"branchMap":{"0":{"loc":{"start":{"line":48,"column":6},"end":{"line":48,"column":74}},"type":"if","locations":[{"start":{"line":48,"column":6},"end":{"line":48,"column":74}},{"start":{},"end":{}}],"line":48},"1":{"loc":{"start":{"line":62,"column":6},"end":{"line":62,"column":51}},"type":"if","locations":[{"start":{"line":62,"column":6},"end":{"line":62,"column":51}},{"start":{},"end":{}}],"line":62},"2":{"loc":{"start":{"line":65,"column":4},"end":{"line":65,"column":76}},"type":"if","locations":[{"start":{"line":65,"column":4},"end":{"line":65,"column":76}},{"start":{},"end":{}}],"line":65}},"s":{"0":8,"1":8,"2":8,"3":8,"4":8,"5":88,"6":8,"7":88,"8":8,"9":6,"10":8,"11":0,"12":8,"13":3,"14":3,"15":3,"16":3,"17":8,"18":2,"19":2,"20":2,"21":9,"22":33,"23":6,"24":8,"25":4,"26":4,"27":4,"28":8,"29":34,"30":27,"31":72,"32":72,"33":276,"34":204,"35":72,"36":72,"37":72,"38":8,"39":16,"40":16,"41":16},"f":{"0":88,"1":88,"2":6,"3":0,"4":3,"5":3,"6":2,"7":2,"8":9,"9":33,"10":4,"11":4,"12":34,"13":27,"14":72,"15":276,"16":16,"17":16},"b":{"0":[6,27],"1":[204,72],"2":[72,0]},"_coverageSchema":"1a1c01bbd47fc00a2c39e90264f33305004495a9","hash":"f04061bfae205850da6684aedb16225c297a75d0"}
,"F:\\Обучение\\GeekBrains\\2_03 React\\hw\\src\\store\\chats\\reducer.js": {"path":"F:\\Обучение\\GeekBrains\\2_03 React\\hw\\src\\store\\chats\\reducer.js","statementMap":{"0":{"start":{"line":3,"column":21},"end":{"line":6,"column":1}},"1":{"start":{"line":8,"column":28},"end":{"line":30,"column":1}},"2":{"start":{"line":9,"column":2},"end":{"line":29,"column":3}},"3":{"start":{"line":11,"column":6},"end":{"line":14,"column":8}},"4":{"start":{"line":16,"column":6},"end":{"line":19,"column":8}},"5":{"start":{"line":21,"column":6},"end":{"line":26,"column":8}},"6":{"start":{"line":24,"column":10},"end":{"line":24,"column":72}},"7":{"start":{"line":28,"column":6},"end":{"line":28,"column":19}}},"fnMap":{"0":{"name":"(anonymous_0)","decl":{"start":{"line":8,"column":28},"end":{"line":8,"column":29}},"loc":{"start":{"line":8,"column":62},"end":{"line":30,"column":1}},"line":8},"1":{"name":"(anonymous_1)","decl":{"start":{"line":23,"column":37},"end":{"line":23,"column":38}},"loc":{"start":{"line":24,"column":10},"end":{"line":24,"column":72}},"line":24}},"branchMap":{"0":{"loc":{"start":{"line":8,"column":29},"end":{"line":8,"column":49}},"type":"default-arg","locations":[{"start":{"line":8,"column":37},"end":{"line":8,"column":49}}],"line":8},"1":{"loc":{"start":{"line":9,"column":2},"end":{"line":29,"column":3}},"type":"switch","locations":[{"start":{"line":10,"column":4},"end":{"line":14,"column":8}},{"start":{"line":15,"column":4},"end":{"line":19,"column":8}},{"start":{"line":20,"column":4},"end":{"line":26,"column":8}},{"start":{"line":27,"column":4},"end":{"line":28,"column":19}}],"line":9},"2":{"loc":{"start":{"line":24,"column":10},"end":{"line":24,"column":72}},"type":"cond-expr","locations":[{"start":{"line":24,"column":34},"end":{"line":24,"column":65}},{"start":{"line":24,"column":68},"end":{"line":24,"column":72}}],"line":24}},"s":{"0":8,"1":8,"2":6808,"3":89,"4":89,"5":7,"6":21,"7":6623},"f":{"0":6808,"1":21},"b":{"0":[24],"1":[89,89,7,6623],"2":[7,14]},"_coverageSchema":"1a1c01bbd47fc00a2c39e90264f33305004495a9","hash":"56585721db173e7aa44d96a0b653a627479e177d"}
,"F:\\Обучение\\GeekBrains\\2_03 React\\hw\\src\\store\\data\\actions.js": {"path":"F:\\Обучение\\GeekBrains\\2_03 React\\hw\\src\\store\\data\\actions.js","statementMap":{"0":{"start":{"line":2,"column":28},"end":{"line":2,"column":48}},"1":{"start":{"line":3,"column":27},"end":{"line":3,"column":46}},"2":{"start":{"line":4,"column":25},"end":{"line":4,"column":42}},"3":{"start":{"line":11,"column":26},"end":{"line":14,"column":2}},"4":{"start":{"line":11,"column":40},"end":{"line":14,"column":1}},"5":{"start":{"line":16,"column":26},"end":{"line":18,"column":1}},"6":{"start":{"line":20,"column":24},"end":{"line":23,"column":2}},"7":{"start":{"line":20,"column":37},"end":{"line":23,"column":1}},"8":{"start":{"line":25,"column":31},"end":{"line":41,"column":1}},"9":{"start":{"line":25,"column":40},"end":{"line":41,"column":1}},"10":{"start":{"line":26,"column":2},"end":{"line":26,"column":27}},"11":{"start":{"line":27,"column":2},"end":{"line":27,"column":23}},"12":{"start":{"line":28,"column":2},"end":{"line":28,"column":28}},"13":{"start":{"line":30,"column":2},"end":{"line":40,"column":3}},"14":{"start":{"line":31,"column":16},"end":{"line":31,"column":32}},"15":{"start":{"line":32,"column":4},"end":{"line":35,"column":46}},"16":{"start":{"line":33,"column":19},"end":{"line":33,"column":35}},"17":{"start":{"line":34,"column":6},"end":{"line":34,"column":33}},"18":{"start":{"line":35,"column":11},"end":{"line":35,"column":46}},"19":{"start":{"line":37,"column":4},"end":{"line":37,"column":29}},"20":{"start":{"line":39,"column":4},"end":{"line":39,"column":25}}},"fnMap":{"0":{"name":"(anonymous_0)","decl":{"start":{"line":11,"column":26},"end":{"line":11,"column":27}},"loc":{"start":{"line":11,"column":40},"end":{"line":14,"column":1}},"line":11},"1":{"name":"(anonymous_1)","decl":{"start":{"line":20,"column":24},"end":{"line":20,"column":25}},"loc":{"start":{"line":20,"column":37},"end":{"line":23,"column":1}},"line":20},"2":{"name":"(anonymous_2)","decl":{"start":{"line":25,"column":31},"end":{"line":25,"column":32}},"loc":{"start":{"line":25,"column":40},"end":{"line":41,"column":1}},"line":25},"3":{"name":"(anonymous_3)","decl":{"start":{"line":25,"column":40},"end":{"line":25,"column":41}},"loc":{"start":{"line":25,"column":60},"end":{"line":41,"column":1}},"line":25}},"branchMap":{"0":{"loc":{"start":{"line":32,"column":4},"end":{"line":35,"column":46}},"type":"if","locations":[{"start":{"line":32,"column":4},"end":{"line":35,"column":46}},{"start":{"line":35,"column":11},"end":{"line":35,"column":46}}],"line":32}},"s":{"0":8,"1":8,"2":8,"3":8,"4":6,"5":8,"6":8,"7":5,"8":8,"9":4,"10":4,"11":4,"12":4,"13":4,"14":4,"15":3,"16":2,"17":2,"18":1,"19":1,"20":3},"f":{"0":6,"1":5,"2":4,"3":4},"b":{"0":[2,1]},"_coverageSchema":"1a1c01bbd47fc00a2c39e90264f33305004495a9","hash":"c0efd5d0aae83bef8abffbc23768b3512c8947de"}
,"F:\\Обучение\\GeekBrains\\2_03 React\\hw\\src\\store\\data\\reducer.js": {"path":"F:\\Обучение\\GeekBrains\\2_03 React\\hw\\src\\store\\data\\reducer.js","statementMap":{"0":{"start":{"line":3,"column":21},"end":{"line":7,"column":1}},"1":{"start":{"line":9,"column":27},"end":{"line":34,"column":1}},"2":{"start":{"line":10,"column":2},"end":{"line":33,"column":3}},"3":{"start":{"line":12,"column":6},"end":{"line":15,"column":8}},"4":{"start":{"line":22,"column":6},"end":{"line":25,"column":8}},"5":{"start":{"line":27,"column":6},"end":{"line":30,"column":8}},"6":{"start":{"line":32,"column":6},"end":{"line":32,"column":19}}},"fnMap":{"0":{"name":"(anonymous_0)","decl":{"start":{"line":9,"column":27},"end":{"line":9,"column":28}},"loc":{"start":{"line":9,"column":61},"end":{"line":34,"column":1}},"line":9}},"branchMap":{"0":{"loc":{"start":{"line":9,"column":28},"end":{"line":9,"column":48}},"type":"default-arg","locations":[{"start":{"line":9,"column":36},"end":{"line":9,"column":48}}],"line":9},"1":{"loc":{"start":{"line":10,"column":2},"end":{"line":33,"column":3}},"type":"switch","locations":[{"start":{"line":11,"column":4},"end":{"line":15,"column":8}},{"start":{"line":21,"column":4},"end":{"line":25,"column":8}},{"start":{"line":26,"column":4},"end":{"line":30,"column":8}},{"start":{"line":31,"column":4},"end":{"line":32,"column":19}}],"line":10}},"s":{"0":8,"1":8,"2":6802,"3":7,"4":8,"5":6,"6":6781},"f":{"0":6802},"b":{"0":[25],"1":[7,8,6,6781]},"_coverageSchema":"1a1c01bbd47fc00a2c39e90264f33305004495a9","hash":"c2714230afa21f4b7ff4554bba4357fe29e59dd5"}
,"F:\\Обучение\\GeekBrains\\2_03 React\\hw\\src\\store\\messages\\actions.js": {"path":"F:\\Обучение\\GeekBrains\\2_03 React\\hw\\src\\store\\messages\\actions.js","statementMap":{"0":{"start":{"line":4,"column":32},"end":{"line":4,"column":59}},"1":{"start":{"line":5,"column":28},"end":{"line":5,"column":51}},"2":{"start":{"line":6,"column":27},"end":{"line":6,"column":49}},"3":{"start":{"line":7,"column":30},"end":{"line":7,"column":55}},"4":{"start":{"line":8,"column":30},"end":{"line":8,"column":55}},"5":{"start":{"line":9,"column":34},"end":{"line":9,"column":63}},"6":{"start":{"line":11,"column":32},"end":{"line":11,"column":59}},"7":{"start":{"line":12,"column":34},"end":{"line":12,"column":63}},"8":{"start":{"line":13,"column":33},"end":{"line":13,"column":61}},"9":{"start":{"line":15,"column":31},"end":{"line":15,"column":57}},"10":{"start":{"line":16,"column":32},"end":{"line":16,"column":59}},"11":{"start":{"line":17,"column":33},"end":{"line":17,"column":61}},"12":{"start":{"line":19,"column":30},"end":{"line":23,"column":2}},"13":{"start":{"line":19,"column":52},"end":{"line":23,"column":1}},"14":{"start":{"line":25,"column":27},"end":{"line":29,"column":2}},"15":{"start":{"line":25,"column":49},"end":{"line":29,"column":1}},"16":{"start":{"line":31,"column":26},"end":{"line":35,"column":2}},"17":{"start":{"line":31,"column":48},"end":{"line":35,"column":1}},"18":{"start":{"line":37,"column":29},"end":{"line":42,"column":2}},"19":{"start":{"line":37,"column":53},"end":{"line":42,"column":1}},"20":{"start":{"line":44,"column":29},"end":{"line":48,"column":2}},"21":{"start":{"line":44,"column":51},"end":{"line":48,"column":1}},"22":{"start":{"line":50,"column":32},"end":{"line":52,"column":1}},"23":{"start":{"line":54,"column":35},"end":{"line":68,"column":1}},"24":{"start":{"line":54,"column":41},"end":{"line":68,"column":1}},"25":{"start":{"line":55,"column":2},"end":{"line":67,"column":5}},"26":{"start":{"line":56,"column":4},"end":{"line":66,"column":5}},"27":{"start":{"line":57,"column":6},"end":{"line":65,"column":7}},"28":{"start":{"line":58,"column":31},"end":{"line":58,"column":33}},"29":{"start":{"line":59,"column":8},"end":{"line":61,"column":9}},"30":{"start":{"line":60,"column":10},"end":{"line":60,"column":62}},"31":{"start":{"line":62,"column":8},"end":{"line":62,"column":59}},"32":{"start":{"line":63,"column":8},"end":{"line":63,"column":56}},"33":{"start":{"line":64,"column":8},"end":{"line":64,"column":32}},"34":{"start":{"line":70,"column":32},"end":{"line":88,"column":1}},"35":{"start":{"line":70,"column":44},"end":{"line":88,"column":1}},"36":{"start":{"line":71,"column":2},"end":{"line":71,"column":35}},"37":{"start":{"line":72,"column":2},"end":{"line":76,"column":5}},"38":{"start":{"line":77,"column":2},"end":{"line":85,"column":4}},"39":{"start":{"line":80,"column":6},"end":{"line":80,"column":52}},"40":{"start":{"line":86,"column":2},"end":{"line":86,"column":30}},"41":{"start":{"line":87,"column":2},"end":{"line":87,"column":26}},"42":{"start":{"line":92,"column":31},"end":{"line":121,"column":1}},"43":{"start":{"line":92,"column":44},"end":{"line":121,"column":1}},"44":{"start":{"line":93,"column":19},"end":{"line":93,"column":41}},"45":{"start":{"line":94,"column":2},"end":{"line":98,"column":5}},"46":{"start":{"line":99,"column":2},"end":{"line":102,"column":5}},"47":{"start":{"line":100,"column":4},"end":{"line":100,"column":59}},"48":{"start":{"line":101,"column":4},"end":{"line":101,"column":57}},"49":{"start":{"line":104,"column":2},"end":{"line":120,"column":3}},"50":{"start":{"line":105,"column":4},"end":{"line":107,"column":5}},"51":{"start":{"line":106,"column":6},"end":{"line":106,"column":28}},"52":{"start":{"line":108,"column":4},"end":{"line":119,"column":13}},"53":{"start":{"line":109,"column":18},"end":{"line":109,"column":32}},"54":{"start":{"line":110,"column":6},"end":{"line":114,"column":9}},"55":{"start":{"line":115,"column":6},"end":{"line":118,"column":9}},"56":{"start":{"line":116,"column":8},"end":{"line":116,"column":58}},"57":{"start":{"line":117,"column":8},"end":{"line":117,"column":61}},"58":{"start":{"line":123,"column":38},"end":{"line":135,"column":1}},"59":{"start":{"line":123,"column":63},"end":{"line":135,"column":1}},"60":{"start":{"line":124,"column":11},"end":{"line":124,"column":29}},"61":{"start":{"line":125,"column":2},"end":{"line":129,"column":5}},"62":{"start":{"line":130,"column":2},"end":{"line":134,"column":5}},"63":{"start":{"line":131,"column":4},"end":{"line":133,"column":5}},"64":{"start":{"line":132,"column":6},"end":{"line":132,"column":63}},"65":{"start":{"line":137,"column":39},"end":{"line":151,"column":1}},"66":{"start":{"line":137,"column":51},"end":{"line":151,"column":1}},"67":{"start":{"line":138,"column":15},"end":{"line":138,"column":25}},"68":{"start":{"line":139,"column":2},"end":{"line":150,"column":3}},"69":{"start":{"line":140,"column":4},"end":{"line":140,"column":36}},"70":{"start":{"line":141,"column":4},"end":{"line":141,"column":37}},"71":{"start":{"line":142,"column":4},"end":{"line":146,"column":7}},"72":{"start":{"line":147,"column":4},"end":{"line":149,"column":7}},"73":{"start":{"line":148,"column":6},"end":{"line":148,"column":52}},"74":{"start":{"line":153,"column":37},"end":{"line":157,"column":1}},"75":{"start":{"line":153,"column":43},"end":{"line":157,"column":1}},"76":{"start":{"line":154,"column":2},"end":{"line":154,"column":29}},"77":{"start":{"line":155,"column":2},"end":{"line":155,"column":28}},"78":{"start":{"line":156,"column":2},"end":{"line":156,"column":27}},"79":{"start":{"line":159,"column":30},"end":{"line":162,"column":2}},"80":{"start":{"line":159,"column":47},"end":{"line":162,"column":1}},"81":{"start":{"line":164,"column":32},"end":{"line":168,"column":2}},"82":{"start":{"line":164,"column":50},"end":{"line":168,"column":1}},"83":{"start":{"line":170,"column":31},"end":{"line":172,"column":1}},"84":{"start":{"line":174,"column":29},"end":{"line":176,"column":1}},"85":{"start":{"line":178,"column":31},"end":{"line":182,"column":2}},"86":{"start":{"line":178,"column":47},"end":{"line":182,"column":1}},"87":{"start":{"line":184,"column":30},"end":{"line":186,"column":1}}},"fnMap":{"0":{"name":"(anonymous_0)","decl":{"start":{"line":19,"column":30},"end":{"line":19,"column":31}},"loc":{"start":{"line":19,"column":52},"end":{"line":23,"column":1}},"line":19},"1":{"name":"(anonymous_1)","decl":{"start":{"line":25,"column":27},"end":{"line":25,"column":28}},"loc":{"start":{"line":25,"column":49},"end":{"line":29,"column":1}},"line":25},"2":{"name":"(anonymous_2)","decl":{"start":{"line":31,"column":26},"end":{"line":31,"column":27}},"loc":{"start":{"line":31,"column":48},"end":{"line":35,"column":1}},"line":31},"3":{"name":"(anonymous_3)","decl":{"start":{"line":37,"column":29},"end":{"line":37,"column":30}},"loc":{"start":{"line":37,"column":53},"end":{"line":42,"column":1}},"line":37},"4":{"name":"(anonymous_4)","decl":{"start":{"line":44,"column":29},"end":{"line":44,"column":30}},"loc":{"start":{"line":44,"column":51},"end":{"line":48,"column":1}},"line":44},"5":{"name":"(anonymous_5)","decl":{"start":{"line":54,"column":35},"end":{"line":54,"column":36}},"loc":{"start":{"line":54,"column":41},"end":{"line":68,"column":1}},"line":54},"6":{"name":"(anonymous_6)","decl":{"start":{"line":54,"column":41},"end":{"line":54,"column":42}},"loc":{"start":{"line":54,"column":55},"end":{"line":68,"column":1}},"line":54},"7":{"name":"(anonymous_7)","decl":{"start":{"line":55,"column":24},"end":{"line":55,"column":25}},"loc":{"start":{"line":55,"column":38},"end":{"line":67,"column":3}},"line":55},"8":{"name":"(anonymous_8)","decl":{"start":{"line":70,"column":32},"end":{"line":70,"column":33}},"loc":{"start":{"line":70,"column":44},"end":{"line":88,"column":1}},"line":70},"9":{"name":"(anonymous_9)","decl":{"start":{"line":70,"column":44},"end":{"line":70,"column":45}},"loc":{"start":{"line":70,"column":58},"end":{"line":88,"column":1}},"line":70},"10":{"name":"(anonymous_10)","decl":{"start":{"line":79,"column":4},"end":{"line":79,"column":5}},"loc":{"start":{"line":79,"column":18},"end":{"line":81,"column":5}},"line":79},"11":{"name":"(anonymous_11)","decl":{"start":{"line":92,"column":31},"end":{"line":92,"column":32}},"loc":{"start":{"line":92,"column":44},"end":{"line":121,"column":1}},"line":92},"12":{"name":"(anonymous_12)","decl":{"start":{"line":92,"column":44},"end":{"line":92,"column":45}},"loc":{"start":{"line":92,"column":58},"end":{"line":121,"column":1}},"line":92},"13":{"name":"(anonymous_13)","decl":{"start":{"line":99,"column":59},"end":{"line":99,"column":60}},"loc":{"start":{"line":99,"column":73},"end":{"line":102,"column":3}},"line":99},"14":{"name":"(anonymous_14)","decl":{"start":{"line":108,"column":25},"end":{"line":108,"column":26}},"loc":{"start":{"line":108,"column":31},"end":{"line":119,"column":5}},"line":108},"15":{"name":"(anonymous_15)","decl":{"start":{"line":115,"column":58},"end":{"line":115,"column":59}},"loc":{"start":{"line":115,"column":72},"end":{"line":118,"column":7}},"line":115},"16":{"name":"(anonymous_16)","decl":{"start":{"line":123,"column":38},"end":{"line":123,"column":39}},"loc":{"start":{"line":123,"column":63},"end":{"line":135,"column":1}},"line":123},"17":{"name":"(anonymous_17)","decl":{"start":{"line":123,"column":63},"end":{"line":123,"column":64}},"loc":{"start":{"line":123,"column":77},"end":{"line":135,"column":1}},"line":123},"18":{"name":"(anonymous_18)","decl":{"start":{"line":130,"column":42},"end":{"line":130,"column":43}},"loc":{"start":{"line":130,"column":56},"end":{"line":134,"column":3}},"line":130},"19":{"name":"(anonymous_19)","decl":{"start":{"line":137,"column":39},"end":{"line":137,"column":40}},"loc":{"start":{"line":137,"column":51},"end":{"line":151,"column":1}},"line":137},"20":{"name":"(anonymous_20)","decl":{"start":{"line":137,"column":51},"end":{"line":137,"column":52}},"loc":{"start":{"line":137,"column":65},"end":{"line":151,"column":1}},"line":137},"21":{"name":"(anonymous_21)","decl":{"start":{"line":147,"column":44},"end":{"line":147,"column":45}},"loc":{"start":{"line":147,"column":58},"end":{"line":149,"column":5}},"line":147},"22":{"name":"(anonymous_22)","decl":{"start":{"line":153,"column":37},"end":{"line":153,"column":38}},"loc":{"start":{"line":153,"column":43},"end":{"line":157,"column":1}},"line":153},"23":{"name":"(anonymous_23)","decl":{"start":{"line":153,"column":43},"end":{"line":153,"column":44}},"loc":{"start":{"line":153,"column":57},"end":{"line":157,"column":1}},"line":153},"24":{"name":"(anonymous_24)","decl":{"start":{"line":159,"column":30},"end":{"line":159,"column":31}},"loc":{"start":{"line":159,"column":47},"end":{"line":162,"column":1}},"line":159},"25":{"name":"(anonymous_25)","decl":{"start":{"line":164,"column":32},"end":{"line":164,"column":33}},"loc":{"start":{"line":164,"column":50},"end":{"line":168,"column":1}},"line":164},"26":{"name":"(anonymous_26)","decl":{"start":{"line":178,"column":31},"end":{"line":178,"column":32}},"loc":{"start":{"line":178,"column":47},"end":{"line":182,"column":1}},"line":178}},"branchMap":{"0":{"loc":{"start":{"line":56,"column":4},"end":{"line":66,"column":5}},"type":"if","locations":[{"start":{"line":56,"column":4},"end":{"line":66,"column":5}},{"start":{},"end":{}}],"line":56},"1":{"loc":{"start":{"line":104,"column":2},"end":{"line":120,"column":3}},"type":"if","locations":[{"start":{"line":104,"column":2},"end":{"line":120,"column":3}},{"start":{},"end":{}}],"line":104},"2":{"loc":{"start":{"line":105,"column":4},"end":{"line":107,"column":5}},"type":"if","locations":[{"start":{"line":105,"column":4},"end":{"line":107,"column":5}},{"start":{},"end":{}}],"line":105},"3":{"loc":{"start":{"line":131,"column":4},"end":{"line":133,"column":5}},"type":"if","locations":[{"start":{"line":131,"column":4},"end":{"line":133,"column":5}},{"start":{},"end":{}}],"line":131},"4":{"loc":{"start":{"line":131,"column":8},"end":{"line":131,"column":28}},"type":"binary-expr","locations":[{"start":{"line":131,"column":8},"end":{"line":131,"column":22}},{"start":{"line":131,"column":26},"end":{"line":131,"column":28}}],"line":131},"5":{"loc":{"start":{"line":139,"column":2},"end":{"line":150,"column":3}},"type":"if","locations":[{"start":{"line":139,"column":2},"end":{"line":150,"column":3}},{"start":{},"end":{}}],"line":139}},"s":{"0":8,"1":8,"2":8,"3":8,"4":8,"5":8,"6":8,"7":8,"8":8,"9":8,"10":8,"11":8,"12":8,"13":2084,"14":8,"15":6,"16":8,"17":8,"18":8,"19":4,"20":8,"21":0,"22":8,"23":8,"24":27,"25":27,"26":23,"27":23,"28":2084,"29":2084,"30":2103,"31":2084,"32":2084,"33":2084,"34":8,"35":3,"36":3,"37":3,"38":3,"39":3,"40":3,"41":3,"42":8,"43":2,"44":2,"45":2,"46":2,"47":4,"48":4,"49":2,"50":2,"51":1,"52":2,"53":2,"54":2,"55":2,"56":4,"57":4,"58":8,"59":2,"60":2,"61":2,"62":2,"63":6,"64":4,"65":8,"66":4,"67":4,"68":4,"69":3,"70":3,"71":3,"72":3,"73":3,"74":8,"75":43,"76":43,"77":43,"78":43,"79":8,"80":2087,"81":8,"82":8,"83":8,"84":8,"85":8,"86":9,"87":8},"f":{"0":2084,"1":6,"2":8,"3":4,"4":0,"5":27,"6":27,"7":23,"8":3,"9":3,"10":3,"11":2,"12":2,"13":4,"14":2,"15":4,"16":2,"17":2,"18":6,"19":4,"20":4,"21":3,"22":43,"23":43,"24":2087,"25":8,"26":9},"b":{"0":[23,0],"1":[2,0],"2":[1,1],"3":[4,2],"4":[6,4],"5":[3,1]},"_coverageSchema":"1a1c01bbd47fc00a2c39e90264f33305004495a9","hash":"8df34c68c92a7a363216c81725b5ca796374aba6"}
,"F:\\Обучение\\GeekBrains\\2_03 React\\hw\\src\\store\\messages\\reducer.js": {"path":"F:\\Обучение\\GeekBrains\\2_03 React\\hw\\src\\store\\messages\\reducer.js","statementMap":{"0":{"start":{"line":16,"column":21},"end":{"line":20,"column":1}},"1":{"start":{"line":22,"column":31},"end":{"line":112,"column":1}},"2":{"start":{"line":23,"column":2},"end":{"line":111,"column":3}},"3":{"start":{"line":25,"column":6},"end":{"line":31,"column":8}},"4":{"start":{"line":33,"column":6},"end":{"line":39,"column":8}},"5":{"start":{"line":41,"column":6},"end":{"line":47,"column":8}},"6":{"start":{"line":49,"column":6},"end":{"line":57,"column":8}},"7":{"start":{"line":54,"column":12},"end":{"line":54,"column":74}},"8":{"start":{"line":59,"column":6},"end":{"line":65,"column":8}},"9":{"start":{"line":67,"column":6},"end":{"line":70,"column":8}},"10":{"start":{"line":72,"column":6},"end":{"line":75,"column":8}},"11":{"start":{"line":77,"column":6},"end":{"line":84,"column":8}},"12":{"start":{"line":86,"column":6},"end":{"line":89,"column":8}},"13":{"start":{"line":91,"column":6},"end":{"line":94,"column":8}},"14":{"start":{"line":96,"column":6},"end":{"line":103,"column":8}},"15":{"start":{"line":105,"column":6},"end":{"line":108,"column":8}},"16":{"start":{"line":110,"column":6},"end":{"line":110,"column":19}}},"fnMap":{"0":{"name":"(anonymous_0)","decl":{"start":{"line":22,"column":31},"end":{"line":22,"column":32}},"loc":{"start":{"line":22,"column":65},"end":{"line":112,"column":1}},"line":22},"1":{"name":"(anonymous_1)","decl":{"start":{"line":53,"column":64},"end":{"line":53,"column":65}},"loc":{"start":{"line":54,"column":12},"end":{"line":54,"column":74}},"line":54}},"branchMap":{"0":{"loc":{"start":{"line":22,"column":32},"end":{"line":22,"column":52}},"type":"default-arg","locations":[{"start":{"line":22,"column":40},"end":{"line":22,"column":52}}],"line":22},"1":{"loc":{"start":{"line":23,"column":2},"end":{"line":111,"column":3}},"type":"switch","locations":[{"start":{"line":24,"column":4},"end":{"line":31,"column":8}},{"start":{"line":32,"column":4},"end":{"line":39,"column":8}},{"start":{"line":40,"column":4},"end":{"line":47,"column":8}},{"start":{"line":48,"column":4},"end":{"line":57,"column":8}},{"start":{"line":58,"column":4},"end":{"line":65,"column":8}},{"start":{"line":66,"column":4},"end":{"line":70,"column":8}},{"start":{"line":71,"column":4},"end":{"line":75,"column":8}},{"start":{"line":76,"column":4},"end":{"line":84,"column":8}},{"start":{"line":85,"column":4},"end":{"line":89,"column":8}},{"start":{"line":90,"column":4},"end":{"line":94,"column":8}},{"start":{"line":95,"column":4},"end":{"line":103,"column":8}},{"start":{"line":104,"column":4},"end":{"line":108,"column":8}},{"start":{"line":109,"column":4},"end":{"line":110,"column":19}}],"line":23},"2":{"loc":{"start":{"line":54,"column":12},"end":{"line":54,"column":74}},"type":"cond-expr","locations":[{"start":{"line":54,"column":36},"end":{"line":54,"column":67}},{"start":{"line":54,"column":70},"end":{"line":54,"column":74}}],"line":54}},"s":{"0":8,"1":8,"2":6817,"3":2085,"4":7,"5":9,"6":5,"7":4,"8":1,"9":44,"10":2088,"11":9,"12":44,"13":2088,"14":10,"15":44,"16":383},"f":{"0":6817,"1":4},"b":{"0":[26],"1":[2085,7,9,5,1,44,2088,9,44,2088,10,44,383],"2":[3,1]},"_coverageSchema":"1a1c01bbd47fc00a2c39e90264f33305004495a9","hash":"048e56f42b3e880de47bfec9b66276f15f786b53"}
,"F:\\Обучение\\GeekBrains\\2_03 React\\hw\\src\\store\\profile\\actions.js": {"path":"F:\\Обучение\\GeekBrains\\2_03 React\\hw\\src\\store\\profile\\actions.js","statementMap":{"0":{"start":{"line":4,"column":30},"end":{"line":4,"column":55}},"1":{"start":{"line":5,"column":27},"end":{"line":5,"column":49}},"2":{"start":{"line":6,"column":28},"end":{"line":6,"column":51}},"3":{"start":{"line":7,"column":27},"end":{"line":7,"column":49}},"4":{"start":{"line":9,"column":29},"end":{"line":11,"column":1}},"5":{"start":{"line":13,"column":26},"end":{"line":16,"column":2}},"6":{"start":{"line":13,"column":39},"end":{"line":16,"column":1}},"7":{"start":{"line":18,"column":27},"end":{"line":21,"column":2}},"8":{"start":{"line":18,"column":39},"end":{"line":21,"column":1}},"9":{"start":{"line":23,"column":26},"end":{"line":26,"column":2}},"10":{"start":{"line":23,"column":37},"end":{"line":26,"column":1}},"11":{"start":{"line":28,"column":31},"end":{"line":37,"column":1}},"12":{"start":{"line":28,"column":41},"end":{"line":37,"column":1}},"13":{"start":{"line":29,"column":2},"end":{"line":29,"column":26}},"14":{"start":{"line":30,"column":2},"end":{"line":32,"column":5}},"15":{"start":{"line":33,"column":2},"end":{"line":36,"column":5}},"16":{"start":{"line":34,"column":17},"end":{"line":34,"column":31}},"17":{"start":{"line":35,"column":4},"end":{"line":35,"column":36}},"18":{"start":{"line":39,"column":36},"end":{"line":44,"column":1}},"19":{"start":{"line":39,"column":42},"end":{"line":44,"column":1}},"20":{"start":{"line":40,"column":2},"end":{"line":43,"column":5}},"21":{"start":{"line":41,"column":17},"end":{"line":41,"column":31}},"22":{"start":{"line":42,"column":4},"end":{"line":42,"column":36}}},"fnMap":{"0":{"name":"(anonymous_0)","decl":{"start":{"line":13,"column":26},"end":{"line":13,"column":27}},"loc":{"start":{"line":13,"column":39},"end":{"line":16,"column":1}},"line":13},"1":{"name":"(anonymous_1)","decl":{"start":{"line":18,"column":27},"end":{"line":18,"column":28}},"loc":{"start":{"line":18,"column":39},"end":{"line":21,"column":1}},"line":18},"2":{"name":"(anonymous_2)","decl":{"start":{"line":23,"column":26},"end":{"line":23,"column":27}},"loc":{"start":{"line":23,"column":37},"end":{"line":26,"column":1}},"line":23},"3":{"name":"(anonymous_3)","decl":{"start":{"line":28,"column":31},"end":{"line":28,"column":32}},"loc":{"start":{"line":28,"column":41},"end":{"line":37,"column":1}},"line":28},"4":{"name":"(anonymous_4)","decl":{"start":{"line":28,"column":41},"end":{"line":28,"column":42}},"loc":{"start":{"line":28,"column":55},"end":{"line":37,"column":1}},"line":28},"5":{"name":"(anonymous_5)","decl":{"start":{"line":33,"column":19},"end":{"line":33,"column":20}},"loc":{"start":{"line":33,"column":33},"end":{"line":36,"column":3}},"line":33},"6":{"name":"(anonymous_6)","decl":{"start":{"line":39,"column":36},"end":{"line":39,"column":37}},"loc":{"start":{"line":39,"column":42},"end":{"line":44,"column":1}},"line":39},"7":{"name":"(anonymous_7)","decl":{"start":{"line":39,"column":42},"end":{"line":39,"column":43}},"loc":{"start":{"line":39,"column":56},"end":{"line":44,"column":1}},"line":39},"8":{"name":"(anonymous_8)","decl":{"start":{"line":40,"column":19},"end":{"line":40,"column":20}},"loc":{"start":{"line":40,"column":33},"end":{"line":43,"column":3}},"line":40}},"branchMap":{},"s":{"0":8,"1":8,"2":8,"3":8,"4":8,"5":8,"6":43,"7":8,"8":43,"9":8,"10":57,"11":8,"12":2,"13":2,"14":2,"15":2,"16":3,"17":3,"18":8,"19":27,"20":27,"21":38,"22":38},"f":{"0":43,"1":43,"2":57,"3":2,"4":2,"5":3,"6":27,"7":27,"8":38},"b":{},"_coverageSchema":"1a1c01bbd47fc00a2c39e90264f33305004495a9","hash":"4c47dcd164c8c92601d9b30d840b1edfe6386483"}
,"F:\\Обучение\\GeekBrains\\2_03 React\\hw\\src\\store\\profile\\reducer.js": {"path":"F:\\Обучение\\GeekBrains\\2_03 React\\hw\\src\\store\\profile\\reducer.js","statementMap":{"0":{"start":{"line":3,"column":21},"end":{"line":8,"column":1}},"1":{"start":{"line":10,"column":30},"end":{"line":35,"column":1}},"2":{"start":{"line":11,"column":2},"end":{"line":34,"column":3}},"3":{"start":{"line":13,"column":6},"end":{"line":16,"column":8}},"4":{"start":{"line":18,"column":6},"end":{"line":21,"column":8}},"5":{"start":{"line":23,"column":6},"end":{"line":26,"column":8}},"6":{"start":{"line":28,"column":6},"end":{"line":31,"column":8}},"7":{"start":{"line":33,"column":6},"end":{"line":33,"column":19}}},"fnMap":{"0":{"name":"(anonymous_0)","decl":{"start":{"line":10,"column":30},"end":{"line":10,"column":31}},"loc":{"start":{"line":10,"column":64},"end":{"line":35,"column":1}},"line":10}},"branchMap":{"0":{"loc":{"start":{"line":10,"column":31},"end":{"line":10,"column":51}},"type":"default-arg","locations":[{"start":{"line":10,"column":39},"end":{"line":10,"column":51}}],"line":10},"1":{"loc":{"start":{"line":11,"column":2},"end":{"line":34,"column":3}},"type":"switch","locations":[{"start":{"line":12,"column":4},"end":{"line":16,"column":8}},{"start":{"line":17,"column":4},"end":{"line":21,"column":8}},{"start":{"line":22,"column":4},"end":{"line":26,"column":8}},{"start":{"line":27,"column":4},"end":{"line":31,"column":8}},{"start":{"line":32,"column":4},"end":{"line":33,"column":19}}],"line":11}},"s":{"0":8,"1":8,"2":6809,"3":5,"4":44,"5":44,"6":58,"7":6658},"f":{"0":6809},"b":{"0":[26],"1":[5,44,44,58,6658]},"_coverageSchema":"1a1c01bbd47fc00a2c39e90264f33305004495a9","hash":"fa84d841f1e742832513f1c49285cdfb47ba0600"}
}
