TN:
SF:src\GlobalData.jsx
FNF:0
FNH:0
DA:5,6
DA:7,6
LF:2
LH:2
BRF:0
BRH:0
end_of_record
TN:
SF:src\components\ChatContain\ChatContain.jsx
FN:18,(anonymous_0)
FN:25,(anonymous_1)
FN:25,(anonymous_2)
FN:36,(anonymous_3)
FN:43,(anonymous_4)
FN:44,(anonymous_5)
FN:51,(anonymous_6)
FNF:7
FNH:7
FNDA:67,(anonymous_0)
FNDA:195,(anonymous_1)
FNDA:7,(anonymous_2)
FNDA:3,(anonymous_3)
FNDA:1,(anonymous_4)
FNDA:4,(anonymous_5)
FNDA:2,(anonymous_6)
DA:18,3
DA:19,67
DA:20,67
DA:21,67
DA:22,67
DA:23,67
DA:25,195
DA:26,7
DA:27,7
DA:28,7
DA:29,6
DA:31,1
DA:33,7
DA:36,67
DA:37,3
DA:38,3
DA:39,3
DA:43,67
DA:44,1
DA:45,4
DA:46,4
DA:48,1
DA:51,67
DA:52,2
DA:53,2
DA:54,2
DA:57,67
LF:27
LH:27
BRDA:28,0,0,6
BRDA:28,0,1,1
BRDA:61,1,0,67
BRDA:61,1,1,4
BRF:4
BRH:4
end_of_record
TN:
SF:src\components\Header\Header.jsx
FN:5,(anonymous_0)
FNF:1
FNH:1
FNDA:24,(anonymous_0)
DA:5,5
DA:6,24
LF:2
LH:2
BRF:0
BRH:0
end_of_record
TN:
SF:src\components\HeaderNavBar\HeaderNavBar.jsx
FN:6,(anonymous_0)
FN:9,(anonymous_1)
FN:14,(anonymous_2)
FNF:3
FNH:3
FNDA:26,(anonymous_0)
FNDA:78,(anonymous_1)
FNDA:213,(anonymous_2)
DA:6,6
DA:7,26
DA:10,78
DA:14,213
LF:4
LH:4
BRDA:14,0,0,61
BRDA:14,0,1,152
BRF:2
BRH:2
end_of_record
TN:
SF:src\components\MessageContain\MessageContain.jsx
FN:14,(anonymous_0)
FN:21,(anonymous_1)
FNF:2
FNH:2
FNDA:2797,(anonymous_0)
FNDA:2,(anonymous_1)
DA:14,3
DA:15,2797
DA:16,2797
DA:17,2797
DA:18,2797
DA:20,2797
DA:22,2
DA:23,2
DA:28,2797
DA:36,3
LF:10
LH:10
BRDA:30,0,0,2797
BRDA:30,0,1,40
BRDA:31,1,0,2797
BRDA:31,1,1,40
BRF:4
BRH:4
end_of_record
TN:
SF:src\components\ProfileButtons\ProfileButtons.jsx
FN:6,(anonymous_0)
FNF:1
FNH:1
FNDA:13,(anonymous_0)
DA:6,4
DA:7,13
LF:2
LH:2
BRF:0
BRH:0
end_of_record
TN:
SF:src\components\ProfileForm\ProfileForm.jsx
FN:9,(anonymous_0)
FN:29,(anonymous_1)
FN:36,(anonymous_2)
FN:37,(anonymous_3)
FNF:4
FNH:4
FNDA:15,(anonymous_0)
FNDA:1,(anonymous_1)
FNDA:2,(anonymous_2)
FNDA:1,(anonymous_3)
DA:9,4
DA:19,15
DA:29,1
DA:36,2
DA:37,1
LF:5
LH:5
BRDA:28,0,0,15
BRDA:28,0,1,5
BRF:2
BRH:2
end_of_record
TN:
SF:src\pages\App\App.jsx
FN:27,(anonymous_0)
FN:28,(anonymous_1)
FN:31,App
FN:34,(anonymous_3)
FN:35,(anonymous_4)
FNF:5
FNH:5
FNDA:2,(anonymous_0)
FNDA:2,(anonymous_1)
FNDA:23,App
FNDA:20,(anonymous_3)
FNDA:43,(anonymous_4)
DA:27,3
DA:28,2
DA:32,23
DA:34,20
DA:35,20
DA:36,43
DA:37,27
DA:38,27
DA:39,27
DA:40,27
DA:41,27
DA:42,27
DA:44,16
DA:45,16
DA:46,16
DA:47,16
DA:48,16
DA:53,20
LF:18
LH:18
BRDA:36,0,0,27
BRDA:36,0,1,16
BRF:2
BRH:2
end_of_record
TN:
SF:src\pages\Chats\Chats.jsx
FN:13,(anonymous_0)
FN:20,(anonymous_1)
FN:21,(anonymous_2)
FNF:3
FNH:3
FNDA:59,(anonymous_0)
FNDA:38,(anonymous_1)
FNDA:113,(anonymous_2)
DA:13,2
DA:14,59
DA:16,59
DA:17,59
DA:18,59
DA:20,59
DA:21,113
DA:22,21
DA:26,59
LF:9
LH:9
BRDA:21,0,0,21
BRDA:21,0,1,17
BRDA:34,1,0,21
BRDA:34,1,1,38
BRF:4
BRH:4
end_of_record
TN:
SF:src\pages\Data\Data.jsx
FN:12,(anonymous_0)
FN:18,(anonymous_1)
FN:31,(anonymous_2)
FN:37,(anonymous_3)
FNF:4
FNH:4
FNDA:11,(anonymous_0)
FNDA:3,(anonymous_1)
FNDA:1,(anonymous_2)
FNDA:30,(anonymous_3)
DA:12,4
DA:13,11
DA:14,11
DA:15,11
DA:16,11
DA:18,11
DA:19,3
DA:22,11
DA:31,1
DA:38,30
LF:10
LH:10
BRDA:24,0,0,11
BRDA:24,0,1,6
BRDA:25,1,0,11
BRDA:25,1,1,2
BRF:4
BRH:4
end_of_record
TN:
SF:src\pages\Layout\Layout.jsx
FN:8,(anonymous_0)
FNF:1
FNH:1
FNDA:24,(anonymous_0)
DA:8,4
DA:9,24
LF:2
LH:2
BRF:0
BRH:0
end_of_record
TN:
SF:src\pages\Profile\Profile.jsx
FN:19,(anonymous_0)
FN:28,(anonymous_1)
FN:32,(anonymous_2)
FN:38,(anonymous_3)
FN:45,(anonymous_4)
FN:49,(anonymous_5)
FNF:6
FNH:6
FNDA:26,(anonymous_0)
FNDA:1,(anonymous_1)
FNDA:2,(anonymous_2)
FNDA:1,(anonymous_3)
FNDA:2,(anonymous_4)
FNDA:26,(anonymous_5)
DA:19,3
DA:20,26
DA:21,26
DA:22,26
DA:23,26
DA:24,26
DA:25,26
DA:26,26
DA:28,26
DA:29,1
DA:32,26
DA:33,2
DA:34,2
DA:35,2
DA:38,26
DA:39,1
DA:40,1
DA:41,1
DA:45,26
DA:46,2
DA:49,26
DA:50,26
DA:53,26
LF:23
LH:23
BRDA:39,0,0,1
BRDA:39,0,1,0
BRDA:50,1,0,5
BRDA:50,1,1,21
BRDA:57,2,0,14
BRDA:57,2,1,12
BRF:6
BRH:5
end_of_record
TN:
SF:src\pages\Sign\Sign.jsx
FN:10,(anonymous_0)
FN:20,(anonymous_1)
FN:28,(anonymous_2)
FN:36,(anonymous_3)
FN:44,(anonymous_4)
FN:56,(anonymous_5)
FNF:6
FNH:6
FNDA:34,(anonymous_0)
FNDA:9,(anonymous_1)
FNDA:5,(anonymous_2)
FNDA:9,(anonymous_3)
FNDA:8,(anonymous_4)
FNDA:8,(anonymous_5)
DA:10,4
DA:11,34
DA:12,33
DA:13,33
DA:15,33
DA:16,33
DA:17,33
DA:18,33
DA:20,33
DA:21,9
DA:22,9
DA:23,9
DA:24,9
DA:25,6
DA:26,4
DA:28,5
DA:32,33
DA:36,9
DA:44,8
DA:56,8
LF:20
LH:20
BRDA:13,0,0,33
BRDA:13,0,1,26
BRDA:24,1,0,3
BRDA:24,1,1,6
BRDA:35,2,0,12
BRDA:35,2,1,21
BRDA:62,3,0,12
BRDA:62,3,1,21
BRF:8
BRH:8
end_of_record
TN:
SF:src\store\store.js
FNF:0
FNH:0
DA:11,7
DA:17,7
DA:24,7
DA:26,7
DA:28,7
DA:30,7
LF:6
LH:6
BRDA:26,0,0,7
BRDA:26,0,1,7
BRF:2
BRH:2
end_of_record
TN:
SF:src\store\chats\actions.js
FN:9,(anonymous_0)
FN:14,(anonymous_1)
FN:19,(anonymous_2)
FN:25,(anonymous_3)
FN:30,(anonymous_4)
FN:30,(anonymous_5)
FN:41,(anonymous_6)
FN:41,(anonymous_7)
FN:46,(anonymous_8)
FN:47,(anonymous_9)
FN:53,(anonymous_10)
FN:53,(anonymous_11)
FN:58,(anonymous_12)
FN:58,(anonymous_13)
FN:59,(anonymous_14)
FN:61,(anonymous_15)
FN:69,(anonymous_16)
FN:69,(anonymous_17)
FNF:18
FNH:17
FNDA:88,(anonymous_0)
FNDA:88,(anonymous_1)
FNDA:6,(anonymous_2)
FNDA:0,(anonymous_3)
FNDA:3,(anonymous_4)
FNDA:3,(anonymous_5)
FNDA:2,(anonymous_6)
FNDA:2,(anonymous_7)
FNDA:9,(anonymous_8)
FNDA:33,(anonymous_9)
FNDA:4,(anonymous_10)
FNDA:4,(anonymous_11)
FNDA:34,(anonymous_12)
FNDA:27,(anonymous_13)
FNDA:72,(anonymous_14)
FNDA:276,(anonymous_15)
FNDA:16,(anonymous_16)
FNDA:16,(anonymous_17)
DA:4,8
DA:5,8
DA:6,8
DA:7,8
DA:9,88
DA:14,88
DA:19,8
DA:25,8
DA:30,8
DA:31,3
DA:34,3
DA:38,3
DA:41,8
DA:42,2
DA:46,2
DA:47,9
DA:48,33
DA:53,8
DA:54,4
DA:55,4
DA:58,34
DA:59,27
DA:60,72
DA:61,72
DA:62,276
DA:64,72
DA:65,72
DA:69,16
DA:70,16
DA:71,16
LF:30
LH:30
BRDA:48,0,0,6
BRDA:48,0,1,27
BRDA:62,1,0,204
BRDA:62,1,1,72
BRDA:65,2,0,72
BRDA:65,2,1,0
BRF:6
BRH:5
end_of_record
TN:
SF:src\store\chats\reducer.js
FN:8,(anonymous_0)
FN:23,(anonymous_1)
FNF:2
FNH:2
FNDA:6808,(anonymous_0)
FNDA:21,(anonymous_1)
DA:3,8
DA:8,8
DA:9,6808
DA:11,89
DA:16,89
DA:21,7
DA:24,21
DA:28,6623
LF:8
LH:8
BRDA:8,0,0,24
BRDA:9,1,0,89
BRDA:9,1,1,89
BRDA:9,1,2,7
BRDA:9,1,3,6623
BRDA:24,2,0,7
BRDA:24,2,1,14
BRF:7
BRH:7
end_of_record
TN:
SF:src\store\data\actions.js
FN:11,(anonymous_0)
FN:20,(anonymous_1)
FN:25,(anonymous_2)
FN:25,(anonymous_3)
FNF:4
FNH:4
FNDA:6,(anonymous_0)
FNDA:5,(anonymous_1)
FNDA:4,(anonymous_2)
FNDA:4,(anonymous_3)
DA:2,8
DA:3,8
DA:4,8
DA:11,8
DA:16,8
DA:20,8
DA:25,8
DA:26,4
DA:27,4
DA:28,4
DA:30,4
DA:31,4
DA:32,3
DA:33,2
DA:34,2
DA:35,1
DA:37,1
DA:39,3
LF:18
LH:18
BRDA:32,0,0,2
BRDA:32,0,1,1
BRF:2
BRH:2
end_of_record
TN:
SF:src\store\data\reducer.js
FN:9,(anonymous_0)
FNF:1
FNH:1
FNDA:6802,(anonymous_0)
DA:3,8
DA:9,8
DA:10,6802
DA:12,7
DA:22,8
DA:27,6
DA:32,6781
LF:7
LH:7
BRDA:9,0,0,25
BRDA:10,1,0,7
BRDA:10,1,1,8
BRDA:10,1,2,6
BRDA:10,1,3,6781
BRF:5
BRH:5
end_of_record
TN:
SF:src\store\messages\actions.js
FN:19,(anonymous_0)
FN:25,(anonymous_1)
FN:31,(anonymous_2)
FN:37,(anonymous_3)
FN:44,(anonymous_4)
FN:54,(anonymous_5)
FN:54,(anonymous_6)
FN:55,(anonymous_7)
FN:70,(anonymous_8)
FN:70,(anonymous_9)
FN:79,(anonymous_10)
FN:92,(anonymous_11)
FN:92,(anonymous_12)
FN:99,(anonymous_13)
FN:108,(anonymous_14)
FN:115,(anonymous_15)
FN:123,(anonymous_16)
FN:123,(anonymous_17)
FN:130,(anonymous_18)
FN:137,(anonymous_19)
FN:137,(anonymous_20)
FN:147,(anonymous_21)
FN:153,(anonymous_22)
FN:153,(anonymous_23)
FN:159,(anonymous_24)
FN:164,(anonymous_25)
FN:178,(anonymous_26)
FNF:27
FNH:26
FNDA:2084,(anonymous_0)
FNDA:6,(anonymous_1)
FNDA:8,(anonymous_2)
FNDA:4,(anonymous_3)
FNDA:0,(anonymous_4)
FNDA:27,(anonymous_5)
FNDA:27,(anonymous_6)
FNDA:23,(anonymous_7)
FNDA:3,(anonymous_8)
FNDA:3,(anonymous_9)
FNDA:3,(anonymous_10)
FNDA:2,(anonymous_11)
FNDA:2,(anonymous_12)
FNDA:4,(anonymous_13)
FNDA:2,(anonymous_14)
FNDA:4,(anonymous_15)
FNDA:2,(anonymous_16)
FNDA:2,(anonymous_17)
FNDA:6,(anonymous_18)
FNDA:4,(anonymous_19)
FNDA:4,(anonymous_20)
FNDA:3,(anonymous_21)
FNDA:43,(anonymous_22)
FNDA:43,(anonymous_23)
FNDA:2087,(anonymous_24)
FNDA:8,(anonymous_25)
FNDA:9,(anonymous_26)
DA:4,8
DA:5,8
DA:6,8
DA:7,8
DA:8,8
DA:9,8
DA:11,8
DA:12,8
DA:13,8
DA:15,8
DA:16,8
DA:17,8
DA:19,2084
DA:25,8
DA:31,8
DA:37,8
DA:44,8
DA:50,8
DA:54,27
DA:55,27
DA:56,23
DA:57,23
DA:58,2084
DA:59,2084
DA:60,2103
DA:62,2084
DA:63,2084
DA:64,2084
DA:70,8
DA:71,3
DA:72,3
DA:77,3
DA:80,3
DA:86,3
DA:87,3
DA:92,8
DA:93,2
DA:94,2
DA:99,2
DA:100,4
DA:101,4
DA:104,2
DA:105,2
DA:106,1
DA:108,2
DA:109,2
DA:110,2
DA:115,2
DA:116,4
DA:117,4
DA:123,8
DA:124,2
DA:125,2
DA:130,2
DA:131,6
DA:132,4
DA:137,8
DA:138,4
DA:139,4
DA:140,3
DA:141,3
DA:142,3
DA:147,3
DA:148,3
DA:153,43
DA:154,43
DA:155,43
DA:156,43
DA:159,2087
DA:164,8
DA:170,8
DA:174,8
DA:178,9
DA:184,8
LF:74
LH:74
BRDA:56,0,0,23
BRDA:56,0,1,0
BRDA:104,1,0,2
BRDA:104,1,1,0
BRDA:105,2,0,1
BRDA:105,2,1,1
BRDA:131,3,0,4
BRDA:131,3,1,2
BRDA:131,4,0,6
BRDA:131,4,1,4
BRDA:139,5,0,3
BRDA:139,5,1,1
BRF:12
BRH:10
end_of_record
TN:
SF:src\store\messages\reducer.js
FN:22,(anonymous_0)
FN:53,(anonymous_1)
FNF:2
FNH:2
FNDA:6817,(anonymous_0)
FNDA:4,(anonymous_1)
DA:16,8
DA:22,8
DA:23,6817
DA:25,2085
DA:33,7
DA:41,9
DA:49,5
DA:54,4
DA:59,1
DA:67,44
DA:72,2088
DA:77,9
DA:86,44
DA:91,2088
DA:96,10
DA:105,44
DA:110,383
LF:17
LH:17
BRDA:22,0,0,26
BRDA:23,1,0,2085
BRDA:23,1,1,7
BRDA:23,1,2,9
BRDA:23,1,3,5
BRDA:23,1,4,1
BRDA:23,1,5,44
BRDA:23,1,6,2088
BRDA:23,1,7,9
BRDA:23,1,8,44
BRDA:23,1,9,2088
BRDA:23,1,10,10
BRDA:23,1,11,44
BRDA:23,1,12,383
BRDA:54,2,0,3
BRDA:54,2,1,1
BRF:16
BRH:16
end_of_record
TN:
SF:src\store\profile\actions.js
FN:13,(anonymous_0)
FN:18,(anonymous_1)
FN:23,(anonymous_2)
FN:28,(anonymous_3)
FN:28,(anonymous_4)
FN:33,(anonymous_5)
FN:39,(anonymous_6)
FN:39,(anonymous_7)
FN:40,(anonymous_8)
FNF:9
FNH:9
FNDA:43,(anonymous_0)
FNDA:43,(anonymous_1)
FNDA:57,(anonymous_2)
FNDA:2,(anonymous_3)
FNDA:2,(anonymous_4)
FNDA:3,(anonymous_5)
FNDA:27,(anonymous_6)
FNDA:27,(anonymous_7)
FNDA:38,(anonymous_8)
DA:4,8
DA:5,8
DA:6,8
DA:7,8
DA:9,8
DA:13,43
DA:18,43
DA:23,57
DA:28,8
DA:29,2
DA:30,2
DA:33,2
DA:34,3
DA:35,3
DA:39,27
DA:40,27
DA:41,38
DA:42,38
LF:18
LH:18
BRF:0
BRH:0
end_of_record
TN:
SF:src\store\profile\reducer.js
FN:10,(anonymous_0)
FNF:1
FNH:1
FNDA:6809,(anonymous_0)
DA:3,8
DA:10,8
DA:11,6809
DA:13,5
DA:18,44
DA:23,44
DA:28,58
DA:33,6658
LF:8
LH:8
BRDA:10,0,0,26
BRDA:11,1,0,5
BRDA:11,1,1,44
BRDA:11,1,2,44
BRDA:11,1,3,58
BRDA:11,1,4,6658
BRF:6
BRH:6
end_of_record
